[INFO] Scanning for projects...
[INFO] 
[INFO] ---------------------< ma.rafik:TP4_kafka-streams >---------------------
[INFO] Building TP4_kafka-streams 1.0-SNAPSHOT
[INFO]   from pom.xml
[INFO] --------------------------------[ jar ]---------------------------------
[INFO] 
[INFO] --- exec:3.1.0:java (default-cli) @ TP4_kafka-streams ---

  .   ____          _            __ _ _
 /\\ / ___'_ __ _ _(_)_ __  __ _ \ \ \ \
( ( )\___ | '_ | '_| | '_ \/ _` | \ \ \ \
 \\/  ___)| |_)| | | | | || (_| |  ) ) ) )
  '  |____| .__|_| |_|_| |_\__, | / / / /
 =========|_|==============|___/=/_/_/_/
 :: Spring Boot ::                (v3.2.5)

2026-06-18T12:18:24.160+02:00  INFO 400 --- [click-consumer-app] [sumerApp.main()] m.r.exercice3.consumer.ClickConsumerApp  : Starting ClickConsumerApp using Java 17.0.17 with PID 400 (C:\Users\DELL\IdeaProjects\TP44_kafka-streams\target\classes started by DELL in C:\Users\DELL\IdeaProjects\TP44_kafka-streams)
2026-06-18T12:18:24.174+02:00  INFO 400 --- [click-consumer-app] [sumerApp.main()] m.r.exercice3.consumer.ClickConsumerApp  : The following 1 profile is active: "consumer"
2026-06-18T12:18:25.441+02:00  INFO 400 --- [click-consumer-app] [sumerApp.main()] o.s.b.w.embedded.tomcat.TomcatWebServer  : Tomcat initialized with port 8081 (http)
2026-06-18T12:18:25.465+02:00  INFO 400 --- [click-consumer-app] [sumerApp.main()] o.apache.catalina.core.StandardService   : Starting service [Tomcat]
2026-06-18T12:18:25.466+02:00  INFO 400 --- [click-consumer-app] [sumerApp.main()] o.apache.catalina.core.StandardEngine    : Starting Servlet engine: [Apache Tomcat/10.1.20]
2026-06-18T12:18:25.530+02:00  INFO 400 --- [click-consumer-app] [sumerApp.main()] o.a.c.c.C.[Tomcat].[localhost].[/]       : Initializing Spring embedded WebApplicationContext
2026-06-18T12:18:25.532+02:00  INFO 400 --- [click-consumer-app] [sumerApp.main()] w.s.c.ServletWebServerApplicationContext : Root WebApplicationContext: initialization completed in 1303 ms
2026-06-18T12:18:25.700+02:00  INFO 400 --- [click-consumer-app] [sumerApp.main()] o.s.b.a.w.s.WelcomePageHandlerMapping    : Adding welcome page template: index
2026-06-18T12:18:26.322+02:00  INFO 400 --- [click-consumer-app] [sumerApp.main()] o.s.b.w.embedded.tomcat.TomcatWebServer  : Tomcat started on port 8081 (http) with context path ''
2026-06-18T12:18:26.410+02:00  INFO 400 --- [click-consumer-app] [sumerApp.main()] o.a.k.clients.consumer.ConsumerConfig    : ConsumerConfig values: 
	allow.auto.create.topics = true
	auto.commit.interval.ms = 5000
	auto.include.jmx.reporter = true
	auto.offset.reset = earliest
	bootstrap.servers = [localhost:9092]
	check.crcs = true
	client.dns.lookup = use_all_dns_ips
	client.id = consumer-click-consumer-group-1
	client.rack = 
	connections.max.idle.ms = 540000
	default.api.timeout.ms = 60000
	enable.auto.commit = false
	enable.metrics.push = true
	exclude.internal.topics = true
	fetch.max.bytes = 52428800
	fetch.max.wait.ms = 500
	fetch.min.bytes = 1
	group.id = click-consumer-group
	group.instance.id = null
	group.protocol = classic
	group.remote.assignor = null
	heartbeat.interval.ms = 3000
	interceptor.classes = []
	internal.leave.group.on.close = true
	internal.throw.on.fetch.stable.offset.unsupported = false
	isolation.level = read_uncommitted
	key.deserializer = class org.apache.kafka.common.serialization.StringDeserializer
	max.partition.fetch.bytes = 1048576
	max.poll.interval.ms = 300000
	max.poll.records = 500
	metadata.max.age.ms = 300000
	metadata.recovery.strategy = none
	metric.reporters = []
	metrics.num.samples = 2
	metrics.recording.level = INFO
	metrics.sample.window.ms = 30000
	partition.assignment.strategy = [class org.apache.kafka.clients.consumer.RangeAssignor, class org.apache.kafka.clients.consumer.CooperativeStickyAssignor]
	receive.buffer.bytes = 65536
	reconnect.backoff.max.ms = 1000
	reconnect.backoff.ms = 50
	request.timeout.ms = 30000
	retry.backoff.max.ms = 1000
	retry.backoff.ms = 100
	sasl.client.callback.handler.class = null
	sasl.jaas.config = null
	sasl.kerberos.kinit.cmd = /usr/bin/kinit
	sasl.kerberos.min.time.before.relogin = 60000
	sasl.kerberos.service.name = null
	sasl.kerberos.ticket.renew.jitter = 0.05
	sasl.kerberos.ticket.renew.window.factor = 0.8
	sasl.login.callback.handler.class = null
	sasl.login.class = null
	sasl.login.connect.timeout.ms = null
	sasl.login.read.timeout.ms = null
	sasl.login.refresh.buffer.seconds = 300
	sasl.login.refresh.min.period.seconds = 60
	sasl.login.refresh.window.factor = 0.8
	sasl.login.refresh.window.jitter = 0.05
	sasl.login.retry.backoff.max.ms = 10000
	sasl.login.retry.backoff.ms = 100
	sasl.mechanism = GSSAPI
	sasl.oauthbearer.clock.skew.seconds = 30
	sasl.oauthbearer.expected.audience = null
	sasl.oauthbearer.expected.issuer = null
	sasl.oauthbearer.header.urlencode = false
	sasl.oauthbearer.jwks.endpoint.refresh.ms = 3600000
	sasl.oauthbearer.jwks.endpoint.retry.backoff.max.ms = 10000
	sasl.oauthbearer.jwks.endpoint.retry.backoff.ms = 100
	sasl.oauthbearer.jwks.endpoint.url = null
	sasl.oauthbearer.scope.claim.name = scope
	sasl.oauthbearer.sub.claim.name = sub
	sasl.oauthbearer.token.endpoint.url = null
	security.protocol = PLAINTEXT
	security.providers = null
	send.buffer.bytes = 131072
	session.timeout.ms = 45000
	socket.connection.setup.timeout.max.ms = 30000
	socket.connection.setup.timeout.ms = 10000
	ssl.cipher.suites = null
	ssl.enabled.protocols = [TLSv1.2, TLSv1.3]
	ssl.endpoint.identification.algorithm = https
	ssl.engine.factory.class = null
	ssl.key.password = null
	ssl.keymanager.algorithm = SunX509
	ssl.keystore.certificate.chain = null
	ssl.keystore.key = null
	ssl.keystore.location = null
	ssl.keystore.password = null
	ssl.keystore.type = JKS
	ssl.protocol = TLSv1.3
	ssl.provider = null
	ssl.secure.random.implementation = null
	ssl.trustmanager.algorithm = PKIX
	ssl.truststore.certificates = null
	ssl.truststore.location = null
	ssl.truststore.password = null
	ssl.truststore.type = JKS
	value.deserializer = class org.apache.kafka.common.serialization.StringDeserializer

2026-06-18T12:18:26.495+02:00  INFO 400 --- [click-consumer-app] [sumerApp.main()] o.a.k.c.t.i.KafkaMetricsCollector        : initializing Kafka metrics collector
2026-06-18T12:18:26.696+02:00  INFO 400 --- [click-consumer-app] [sumerApp.main()] o.a.kafka.common.utils.AppInfoParser     : Kafka version: 3.9.1
2026-06-18T12:18:26.699+02:00  INFO 400 --- [click-consumer-app] [sumerApp.main()] o.a.kafka.common.utils.AppInfoParser     : Kafka commitId: f745dfdcee2b9851
2026-06-18T12:18:26.699+02:00  INFO 400 --- [click-consumer-app] [sumerApp.main()] o.a.kafka.common.utils.AppInfoParser     : Kafka startTimeMs: 1781777906694
2026-06-18T12:18:26.702+02:00  INFO 400 --- [click-consumer-app] [sumerApp.main()] o.a.k.c.c.i.ClassicKafkaConsumer         : [Consumer clientId=consumer-click-consumer-group-1, groupId=click-consumer-group] Subscribed to topic(s): click-counts
2026-06-18T12:18:26.739+02:00  INFO 400 --- [click-consumer-app] [sumerApp.main()] m.r.exercice3.consumer.ClickConsumerApp  : Started ClickConsumerApp in 3.103 seconds (process running for 6.419)
2026-06-18T12:18:27.431+02:00  INFO 400 --- [click-consumer-app] [ntainer#0-0-C-1] org.apache.kafka.clients.Metadata        : [Consumer clientId=consumer-click-consumer-group-1, groupId=click-consumer-group] Cluster ID: 5L6g3nShT-eMCtK--X86sw
2026-06-18T12:18:27.445+02:00  INFO 400 --- [click-consumer-app] [ntainer#0-0-C-1] o.a.k.c.c.internals.ConsumerCoordinator  : [Consumer clientId=consumer-click-consumer-group-1, groupId=click-consumer-group] Discovered group coordinator localhost:9092 (id: 2147483646 rack: null)
2026-06-18T12:18:27.453+02:00  INFO 400 --- [click-consumer-app] [ntainer#0-0-C-1] o.a.k.c.c.internals.ConsumerCoordinator  : [Consumer clientId=consumer-click-consumer-group-1, groupId=click-consumer-group] (Re-)joining group
2026-06-18T12:18:27.519+02:00  INFO 400 --- [click-consumer-app] [ntainer#0-0-C-1] o.a.k.c.c.internals.ConsumerCoordinator  : [Consumer clientId=consumer-click-consumer-group-1, groupId=click-consumer-group] Request joining group due to: need to re-join with the given member-id: consumer-click-consumer-group-1-f6bfa7bd-3ceb-4045-a2e4-df187ba99fe3
2026-06-18T12:18:27.520+02:00  INFO 400 --- [click-consumer-app] [ntainer#0-0-C-1] o.a.k.c.c.internals.ConsumerCoordinator  : [Consumer clientId=consumer-click-consumer-group-1, groupId=click-consumer-group] (Re-)joining group
2026-06-18T12:18:27.529+02:00  INFO 400 --- [click-consumer-app] [ntainer#0-0-C-1] o.a.k.c.c.internals.ConsumerCoordinator  : [Consumer clientId=consumer-click-consumer-group-1, groupId=click-consumer-group] Successfully joined group with generation Generation{generationId=1, memberId='consumer-click-consumer-group-1-f6bfa7bd-3ceb-4045-a2e4-df187ba99fe3', protocol='range'}
2026-06-18T12:18:27.540+02:00  INFO 400 --- [click-consumer-app] [ntainer#0-0-C-1] o.a.k.c.c.internals.ConsumerCoordinator  : [Consumer clientId=consumer-click-consumer-group-1, groupId=click-consumer-group] Finished assignment for group at generation 1: {consumer-click-consumer-group-1-f6bfa7bd-3ceb-4045-a2e4-df187ba99fe3=Assignment(partitions=[click-counts-0])}
2026-06-18T12:18:27.552+02:00  INFO 400 --- [click-consumer-app] [ntainer#0-0-C-1] o.a.k.c.c.internals.ConsumerCoordinator  : [Consumer clientId=consumer-click-consumer-group-1, groupId=click-consumer-group] Successfully synced group in generation Generation{generationId=1, memberId='consumer-click-consumer-group-1-f6bfa7bd-3ceb-4045-a2e4-df187ba99fe3', protocol='range'}
2026-06-18T12:18:27.554+02:00  INFO 400 --- [click-consumer-app] [ntainer#0-0-C-1] o.a.k.c.c.internals.ConsumerCoordinator  : [Consumer clientId=consumer-click-consumer-group-1, groupId=click-consumer-group] Notifying assignor about the new Assignment(partitions=[click-counts-0])
2026-06-18T12:18:27.563+02:00  INFO 400 --- [click-consumer-app] [ntainer#0-0-C-1] k.c.c.i.ConsumerRebalanceListenerInvoker : [Consumer clientId=consumer-click-consumer-group-1, groupId=click-consumer-group] Adding newly assigned partitions: click-counts-0
2026-06-18T12:18:27.586+02:00  INFO 400 --- [click-consumer-app] [ntainer#0-0-C-1] o.a.k.c.c.internals.ConsumerCoordinator  : [Consumer clientId=consumer-click-consumer-group-1, groupId=click-consumer-group] Found no committed offset for partition click-counts-0
2026-06-18T12:18:27.605+02:00  INFO 400 --- [click-consumer-app] [ntainer#0-0-C-1] o.a.k.c.c.internals.SubscriptionState    : [Consumer clientId=consumer-click-consumer-group-1, groupId=click-consumer-group] Resetting offset for partition click-counts-0 to position FetchPosition{offset=0, offsetEpoch=Optional.empty, currentLeader=LeaderAndEpoch{leader=Optional[localhost:9092 (id: 1 rack: null)], epoch=0}}.
2026-06-18T12:18:27.609+02:00  INFO 400 --- [click-consumer-app] [ntainer#0-0-C-1] o.s.k.l.KafkaMessageListenerContainer    : click-consumer-group: partitions assigned: [click-counts-0]
Clics reçus - clé: user1, total: 5
2026-06-18T12:28:42.451+02:00  INFO 400 --- [click-consumer-app] [nio-8081-exec-1] o.a.c.c.C.[Tomcat].[localhost].[/]       : Initializing Spring DispatcherServlet 'dispatcherServlet'
2026-06-18T12:28:42.461+02:00  INFO 400 --- [click-consumer-app] [nio-8081-exec-1] o.s.web.servlet.DispatcherServlet        : Initializing Servlet 'dispatcherServlet'
2026-06-18T12:28:42.463+02:00  INFO 400 --- [click-consumer-app] [nio-8081-exec-1] o.s.web.servlet.DispatcherServlet        : Completed initialization in 1 ms
Clics reçus - clé: user1, total: 8
Clics reçus - clé: user1, total: 13
