[INFO] Scanning for projects...
[INFO] 
[INFO] ---------------------< ma.rafik:TP4_kafka-streams >---------------------
[INFO] Building TP4_kafka-streams 1.0-SNAPSHOT
[INFO]   from pom.xml
[INFO] --------------------------------[ jar ]---------------------------------
[INFO] 
[INFO] --- exec:3.1.0:java (default-cli) @ TP4_kafka-streams ---

  .   ____          _            __ _ _
 /\\ / ___'_ __ _ _(_)_ __  __ _ \ \ \ \
( ( )\___ | '_ | '_| | '_ \/ _` | \ \ \ \
 \\/  ___)| |_)| | | | | || (_| |  ) ) ) )
  '  |____| .__|_| |_|_| |_\__, | / / / /
 =========|_|==============|___/=/_/_/_/
 :: Spring Boot ::                (v3.2.5)

2026-06-18T12:22:43.119+02:00  INFO 25468 --- [click-consumer-app] [sumerApp.main()] m.r.exercice3.consumer.ClickConsumerApp  : Starting ClickConsumerApp using Java 17.0.17 with PID 25468 (C:\Users\DELL\IdeaProjects\TP44_kafka-streams\target\classes started by DELL in C:\Users\DELL\IdeaProjects\TP44_kafka-streams)
2026-06-18T12:22:43.124+02:00  INFO 25468 --- [click-consumer-app] [sumerApp.main()] m.r.exercice3.consumer.ClickConsumerApp  : The following 1 profile is active: "consumer"
2026-06-18T12:22:44.392+02:00  INFO 25468 --- [click-consumer-app] [sumerApp.main()] o.s.b.w.embedded.tomcat.TomcatWebServer  : Tomcat initialized with port 8081 (http)
2026-06-18T12:22:44.406+02:00  INFO 25468 --- [click-consumer-app] [sumerApp.main()] o.apache.catalina.core.StandardService   : Starting service [Tomcat]
2026-06-18T12:22:44.406+02:00  INFO 25468 --- [click-consumer-app] [sumerApp.main()] o.apache.catalina.core.StandardEngine    : Starting Servlet engine: [Apache Tomcat/10.1.20]
2026-06-18T12:22:44.467+02:00  INFO 25468 --- [click-consumer-app] [sumerApp.main()] o.a.c.c.C.[Tomcat].[localhost].[/]       : Initializing Spring embedded WebApplicationContext
2026-06-18T12:22:44.468+02:00  INFO 25468 --- [click-consumer-app] [sumerApp.main()] w.s.c.ServletWebServerApplicationContext : Root WebApplicationContext: initialization completed in 1273 ms
2026-06-18T12:22:44.603+02:00  INFO 25468 --- [click-consumer-app] [sumerApp.main()] o.s.b.a.w.s.WelcomePageHandlerMapping    : Adding welcome page template: index
2026-06-18T12:22:45.164+02:00  WARN 25468 --- [click-consumer-app] [sumerApp.main()] ConfigServletWebServerApplicationContext : Exception encountered during context initialization - cancelling refresh attempt: org.springframework.context.ApplicationContextException: Failed to start bean 'webServerStartStop'
2026-06-18T12:22:45.186+02:00  INFO 25468 --- [click-consumer-app] [sumerApp.main()] .s.b.a.l.ConditionEvaluationReportLogger : 

Error starting ApplicationContext. To display the condition evaluation report re-run your application with 'debug' enabled.
2026-06-18T12:22:45.203+02:00 ERROR 25468 --- [click-consumer-app] [sumerApp.main()] o.s.b.d.LoggingFailureAnalysisReporter   : 

***************************
APPLICATION FAILED TO START
***************************

Description:

Web server failed to start. Port 8081 was already in use.

Action:

Identify and stop the process that's listening on port 8081 or configure this application to listen on another port.

[WARNING] 
org.springframework.context.ApplicationContextException: Failed to start bean 'webServerStartStop'
    at org.springframework.context.support.DefaultLifecycleProcessor.doStart (DefaultLifecycleProcessor.java:291)
    at org.springframework.context.support.DefaultLifecycleProcessor$LifecycleGroup.start (DefaultLifecycleProcessor.java:471)
    at java.lang.Iterable.forEach (Iterable.java:75)
    at org.springframework.context.support.DefaultLifecycleProcessor.startBeans (DefaultLifecycleProcessor.java:260)
    at org.springframework.context.support.DefaultLifecycleProcessor.onRefresh (DefaultLifecycleProcessor.java:205)
    at org.springframework.context.support.AbstractApplicationContext.finishRefresh (AbstractApplicationContext.java:981)
    at org.springframework.context.support.AbstractApplicationContext.refresh (AbstractApplicationContext.java:627)
    at org.springframework.boot.web.servlet.context.ServletWebServerApplicationContext.refresh (ServletWebServerApplicationContext.java:146)
    at org.springframework.boot.SpringApplication.refresh (SpringApplication.java:754)
    at org.springframework.boot.SpringApplication.refreshContext (SpringApplication.java:456)
    at org.springframework.boot.SpringApplication.run (SpringApplication.java:334)
    at org.springframework.boot.SpringApplication.run (SpringApplication.java:1354)
    at org.springframework.boot.SpringApplication.run (SpringApplication.java:1343)
    at ma.rafik.exercice3.consumer.ClickConsumerApp.main (ClickConsumerApp.java:11)
    at org.codehaus.mojo.exec.ExecJavaMojo$1.run (ExecJavaMojo.java:279)
    at java.lang.Thread.run (Thread.java:840)
Caused by: org.springframework.boot.web.server.PortInUseException: Port 8081 is already in use
    at org.springframework.boot.web.server.PortInUseException.lambda$throwIfPortBindingException$0 (PortInUseException.java:70)
    at org.springframework.boot.web.server.PortInUseException.lambda$ifPortBindingException$1 (PortInUseException.java:85)
    at org.springframework.boot.web.server.PortInUseException.ifCausedBy (PortInUseException.java:103)
    at org.springframework.boot.web.server.PortInUseException.ifPortBindingException (PortInUseException.java:82)
    at org.springframework.boot.web.server.PortInUseException.throwIfPortBindingException (PortInUseException.java:69)
    at org.springframework.boot.web.embedded.tomcat.TomcatWebServer.start (TomcatWebServer.java:248)
    at org.springframework.boot.web.servlet.context.WebServerStartStopLifecycle.start (WebServerStartStopLifecycle.java:44)
    at org.springframework.context.support.DefaultLifecycleProcessor.doStart (DefaultLifecycleProcessor.java:288)
    at org.springframework.context.support.DefaultLifecycleProcessor$LifecycleGroup.start (DefaultLifecycleProcessor.java:471)
    at java.lang.Iterable.forEach (Iterable.java:75)
    at org.springframework.context.support.DefaultLifecycleProcessor.startBeans (DefaultLifecycleProcessor.java:260)
    at org.springframework.context.support.DefaultLifecycleProcessor.onRefresh (DefaultLifecycleProcessor.java:205)
    at org.springframework.context.support.AbstractApplicationContext.finishRefresh (AbstractApplicationContext.java:981)
    at org.springframework.context.support.AbstractApplicationContext.refresh (AbstractApplicationContext.java:627)
    at org.springframework.boot.web.servlet.context.ServletWebServerApplicationContext.refresh (ServletWebServerApplicationContext.java:146)
    at org.springframework.boot.SpringApplication.refresh (SpringApplication.java:754)
    at org.springframework.boot.SpringApplication.refreshContext (SpringApplication.java:456)
    at org.springframework.boot.SpringApplication.run (SpringApplication.java:334)
    at org.springframework.boot.SpringApplication.run (SpringApplication.java:1354)
    at org.springframework.boot.SpringApplication.run (SpringApplication.java:1343)
    at ma.rafik.exercice3.consumer.ClickConsumerApp.main (ClickConsumerApp.java:11)
    at org.codehaus.mojo.exec.ExecJavaMojo$1.run (ExecJavaMojo.java:279)
    at java.lang.Thread.run (Thread.java:840)
Caused by: java.lang.IllegalArgumentException: standardService.connector.startFailed
    at org.apache.catalina.core.StandardService.addConnector (StandardService.java:235)
    at org.springframework.boot.web.embedded.tomcat.TomcatWebServer.addPreviouslyRemovedConnectors (TomcatWebServer.java:306)
    at org.springframework.boot.web.embedded.tomcat.TomcatWebServer.start (TomcatWebServer.java:234)
    at org.springframework.boot.web.servlet.context.WebServerStartStopLifecycle.start (WebServerStartStopLifecycle.java:44)
    at org.springframework.context.support.DefaultLifecycleProcessor.doStart (DefaultLifecycleProcessor.java:288)
    at org.springframework.context.support.DefaultLifecycleProcessor$LifecycleGroup.start (DefaultLifecycleProcessor.java:471)
    at java.lang.Iterable.forEach (Iterable.java:75)
    at org.springframework.context.support.DefaultLifecycleProcessor.startBeans (DefaultLifecycleProcessor.java:260)
    at org.springframework.context.support.DefaultLifecycleProcessor.onRefresh (DefaultLifecycleProcessor.java:205)
    at org.springframework.context.support.AbstractApplicationContext.finishRefresh (AbstractApplicationContext.java:981)
    at org.springframework.context.support.AbstractApplicationContext.refresh (AbstractApplicationContext.java:627)
    at org.springframework.boot.web.servlet.context.ServletWebServerApplicationContext.refresh (ServletWebServerApplicationContext.java:146)
    at org.springframework.boot.SpringApplication.refresh (SpringApplication.java:754)
    at org.springframework.boot.SpringApplication.refreshContext (SpringApplication.java:456)
    at org.springframework.boot.SpringApplication.run (SpringApplication.java:334)
    at org.springframework.boot.SpringApplication.run (SpringApplication.java:1354)
    at org.springframework.boot.SpringApplication.run (SpringApplication.java:1343)
    at ma.rafik.exercice3.consumer.ClickConsumerApp.main (ClickConsumerApp.java:11)
    at org.codehaus.mojo.exec.ExecJavaMojo$1.run (ExecJavaMojo.java:279)
    at java.lang.Thread.run (Thread.java:840)
Caused by: org.apache.catalina.LifecycleException: Protocol handler start failed
    at org.apache.catalina.connector.Connector.startInternal (Connector.java:1047)
    at org.apache.catalina.util.LifecycleBase.start (LifecycleBase.java:171)
    at org.apache.catalina.core.StandardService.addConnector (StandardService.java:232)
    at org.springframework.boot.web.embedded.tomcat.TomcatWebServer.addPreviouslyRemovedConnectors (TomcatWebServer.java:306)
    at org.springframework.boot.web.embedded.tomcat.TomcatWebServer.start (TomcatWebServer.java:234)
    at org.springframework.boot.web.servlet.context.WebServerStartStopLifecycle.start (WebServerStartStopLifecycle.java:44)
    at org.springframework.context.support.DefaultLifecycleProcessor.doStart (DefaultLifecycleProcessor.java:288)
    at org.springframework.context.support.DefaultLifecycleProcessor$LifecycleGroup.start (DefaultLifecycleProcessor.java:471)
    at java.lang.Iterable.forEach (Iterable.java:75)
    at org.springframework.context.support.DefaultLifecycleProcessor.startBeans (DefaultLifecycleProcessor.java:260)
    at org.springframework.context.support.DefaultLifecycleProcessor.onRefresh (DefaultLifecycleProcessor.java:205)
    at org.springframework.context.support.AbstractApplicationContext.finishRefresh (AbstractApplicationContext.java:981)
    at org.springframework.context.support.AbstractApplicationContext.refresh (AbstractApplicationContext.java:627)
    at org.springframework.boot.web.servlet.context.ServletWebServerApplicationContext.refresh (ServletWebServerApplicationContext.java:146)
    at org.springframework.boot.SpringApplication.refresh (SpringApplication.java:754)
    at org.springframework.boot.SpringApplication.refreshContext (SpringApplication.java:456)
    at org.springframework.boot.SpringApplication.run (SpringApplication.java:334)
    at org.springframework.boot.SpringApplication.run (SpringApplication.java:1354)
    at org.springframework.boot.SpringApplication.run (SpringApplication.java:1343)
    at ma.rafik.exercice3.consumer.ClickConsumerApp.main (ClickConsumerApp.java:11)
    at org.codehaus.mojo.exec.ExecJavaMojo$1.run (ExecJavaMojo.java:279)
    at java.lang.Thread.run (Thread.java:840)
Caused by: java.net.BindException: Address already in use: bind
    at sun.nio.ch.Net.bind0 (Native Method)
    at sun.nio.ch.Net.bind (Net.java:555)
    at sun.nio.ch.ServerSocketChannelImpl.netBind (ServerSocketChannelImpl.java:337)
    at sun.nio.ch.ServerSocketChannelImpl.bind (ServerSocketChannelImpl.java:294)
    at org.apache.tomcat.util.net.NioEndpoint.initServerSocket (NioEndpoint.java:239)
    at org.apache.tomcat.util.net.NioEndpoint.bind (NioEndpoint.java:194)
    at org.apache.tomcat.util.net.AbstractEndpoint.bindWithCleanup (AbstractEndpoint.java:1307)
    at org.apache.tomcat.util.net.AbstractEndpoint.start (AbstractEndpoint.java:1393)
    at org.apache.coyote.AbstractProtocol.start (AbstractProtocol.java:635)
    at org.apache.catalina.connector.Connector.startInternal (Connector.java:1044)
    at org.apache.catalina.util.LifecycleBase.start (LifecycleBase.java:171)
    at org.apache.catalina.core.StandardService.addConnector (StandardService.java:232)
    at org.springframework.boot.web.embedded.tomcat.TomcatWebServer.addPreviouslyRemovedConnectors (TomcatWebServer.java:306)
    at org.springframework.boot.web.embedded.tomcat.TomcatWebServer.start (TomcatWebServer.java:234)
    at org.springframework.boot.web.servlet.context.WebServerStartStopLifecycle.start (WebServerStartStopLifecycle.java:44)
    at org.springframework.context.support.DefaultLifecycleProcessor.doStart (DefaultLifecycleProcessor.java:288)
    at org.springframework.context.support.DefaultLifecycleProcessor$LifecycleGroup.start (DefaultLifecycleProcessor.java:471)
    at java.lang.Iterable.forEach (Iterable.java:75)
    at org.springframework.context.support.DefaultLifecycleProcessor.startBeans (DefaultLifecycleProcessor.java:260)
    at org.springframework.context.support.DefaultLifecycleProcessor.onRefresh (DefaultLifecycleProcessor.java:205)
    at org.springframework.context.support.AbstractApplicationContext.finishRefresh (AbstractApplicationContext.java:981)
    at org.springframework.context.support.AbstractApplicationContext.refresh (AbstractApplicationContext.java:627)
    at org.springframework.boot.web.servlet.context.ServletWebServerApplicationContext.refresh (ServletWebServerApplicationContext.java:146)
    at org.springframework.boot.SpringApplication.refresh (SpringApplication.java:754)
    at org.springframework.boot.SpringApplication.refreshContext (SpringApplication.java:456)
    at org.springframework.boot.SpringApplication.run (SpringApplication.java:334)
    at org.springframework.boot.SpringApplication.run (SpringApplication.java:1354)
    at org.springframework.boot.SpringApplication.run (SpringApplication.java:1343)
    at ma.rafik.exercice3.consumer.ClickConsumerApp.main (ClickConsumerApp.java:11)
    at org.codehaus.mojo.exec.ExecJavaMojo$1.run (ExecJavaMojo.java:279)
    at java.lang.Thread.run (Thread.java:840)
[INFO] ------------------------------------------------------------------------
[INFO] BUILD FAILURE
[INFO] ------------------------------------------------------------------------
[INFO] Total time:  3.741 s
[INFO] Finished at: 2026-06-18T12:22:45+02:00
[INFO] ------------------------------------------------------------------------
[ERROR] Failed to execute goal org.codehaus.mojo:exec-maven-plugin:3.1.0:java (default-cli) on project TP4_kafka-streams: An exception occurred while executing the Java class. Failed to start bean 'webServerStartStop': Port 8081 is already in use: standardService.connector.startFailed: Protocol handler start failed: Address already in use: bind -> [Help 1]
[ERROR] 
[ERROR] To see the full stack trace of the errors, re-run Maven with the -e switch.
[ERROR] Re-run Maven using the -X switch to enable full debug logging.
[ERROR] 
[ERROR] For more information about the errors and possible solutions, please read the following articles:
[ERROR] [Help 1] http://cwiki.apache.org/confluence/display/MAVEN/MojoExecutionException
