[INFO] Scanning for projects...
[INFO] 
[INFO] ---------------------< ma.rafik:TP4_kafka-streams >---------------------
[INFO] Building TP4_kafka-streams 1.0-SNAPSHOT
[INFO]   from pom.xml
[INFO] --------------------------------[ jar ]---------------------------------
[INFO] 
[INFO] --- exec:3.1.0:java (default-cli) @ TP4_kafka-streams ---
12:17:33.707 [ma.rafik.exercice3.streams.ClickStreamsApp.main()] INFO org.apache.kafka.streams.StreamsConfig -- StreamsConfig values: 
	acceptable.recovery.lag = 10000
	application.id = click-streams-app
	application.server = 
	auto.include.jmx.reporter = true
	bootstrap.servers = [localhost:9092]
	buffered.records.per.partition = 1000
	built.in.metrics.version = latest
	cache.max.bytes.buffering = 10485760
	client.id = 
	commit.interval.ms = 30000
	connections.max.idle.ms = 540000
	default.client.supplier = class org.apache.kafka.streams.processor.internals.DefaultKafkaClientSupplier
	default.deserialization.exception.handler = class org.apache.kafka.streams.errors.LogAndFailExceptionHandler
	default.dsl.store = rocksDB
	default.key.serde = class org.apache.kafka.common.serialization.Serdes$StringSerde
	default.list.key.serde.inner = null
	default.list.key.serde.type = null
	default.list.value.serde.inner = null
	default.list.value.serde.type = null
	default.production.exception.handler = class org.apache.kafka.streams.errors.DefaultProductionExceptionHandler
	default.timestamp.extractor = class org.apache.kafka.streams.processor.FailOnInvalidTimestamp
	default.value.serde = class org.apache.kafka.common.serialization.Serdes$StringSerde
	dsl.store.suppliers.class = class org.apache.kafka.streams.state.BuiltInDslStoreSuppliers$RocksDBDslStoreSuppliers
	enable.metrics.push = true
	log.summary.interval.ms = 120000
	max.task.idle.ms = 0
	max.warmup.replicas = 2
	metadata.max.age.ms = 300000
	metric.reporters = []
	metrics.num.samples = 2
	metrics.recording.level = INFO
	metrics.sample.window.ms = 30000
	num.standby.replicas = 0
	num.stream.threads = 1
	poll.ms = 100
	probing.rebalance.interval.ms = 600000
	processing.exception.handler = class org.apache.kafka.streams.errors.LogAndFailProcessingExceptionHandler
	processing.guarantee = at_least_once
	rack.aware.assignment.non_overlap_cost = null
	rack.aware.assignment.strategy = none
	rack.aware.assignment.tags = []
	rack.aware.assignment.traffic_cost = null
	receive.buffer.bytes = 32768
	reconnect.backoff.max.ms = 1000
	reconnect.backoff.ms = 50
	repartition.purge.interval.ms = 30000
	replication.factor = -1
	request.timeout.ms = 40000
	retries = 0
	retry.backoff.ms = 100
	rocksdb.config.setter = null
	security.protocol = PLAINTEXT
	send.buffer.bytes = 131072
	state.cleanup.delay.ms = 600000
	state.dir = ./kafka-streams-state
	statestore.cache.max.bytes = 10485760
	task.assignor.class = null
	task.timeout.ms = 300000
	topology.optimization = none
	upgrade.from = null
	window.size.ms = null
	windowed.inner.class.serde = null
	windowstore.changelog.additional.retention.ms = 86400000

12:17:33.785 [ma.rafik.exercice3.streams.ClickStreamsApp.main()] ERROR org.apache.kafka.streams.processor.internals.StateDirectory -- Failed to change permissions for the directory .\kafka-streams-state
12:17:33.787 [ma.rafik.exercice3.streams.ClickStreamsApp.main()] ERROR org.apache.kafka.streams.processor.internals.StateDirectory -- Failed to change permissions for the directory .\kafka-streams-state\click-streams-app
12:17:34.014 [ma.rafik.exercice3.streams.ClickStreamsApp.main()] INFO org.apache.kafka.streams.processor.internals.StateDirectory -- Reading UUID from process file: f2917a81-df84-4798-9a57-03e6ee410292
12:17:34.032 [ma.rafik.exercice3.streams.ClickStreamsApp.main()] INFO org.apache.kafka.clients.admin.AdminClientConfig -- AdminClientConfig values: 
	auto.include.jmx.reporter = true
	bootstrap.controllers = []
	bootstrap.servers = [localhost:9092]
	client.dns.lookup = use_all_dns_ips
	client.id = click-streams-app-f2917a81-df84-4798-9a57-03e6ee410292-admin
	connections.max.idle.ms = 300000
	default.api.timeout.ms = 60000
	enable.metrics.push = true
	metadata.max.age.ms = 300000
	metadata.recovery.strategy = none
	metric.reporters = []
	metrics.num.samples = 2
	metrics.recording.level = INFO
	metrics.sample.window.ms = 30000
	receive.buffer.bytes = 65536
	reconnect.backoff.max.ms = 1000
	reconnect.backoff.ms = 50
	request.timeout.ms = 30000
	retries = 2147483647
	retry.backoff.max.ms = 1000
	retry.backoff.ms = 100
	sasl.client.callback.handler.class = null
	sasl.jaas.config = null
	sasl.kerberos.kinit.cmd = /usr/bin/kinit
	sasl.kerberos.min.time.before.relogin = 60000
	sasl.kerberos.service.name = null
	sasl.kerberos.ticket.renew.jitter = 0.05
	sasl.kerberos.ticket.renew.window.factor = 0.8
	sasl.login.callback.handler.class = null
	sasl.login.class = null
	sasl.login.connect.timeout.ms = null
	sasl.login.read.timeout.ms = null
	sasl.login.refresh.buffer.seconds = 300
	sasl.login.refresh.min.period.seconds = 60
	sasl.login.refresh.window.factor = 0.8
	sasl.login.refresh.window.jitter = 0.05
	sasl.login.retry.backoff.max.ms = 10000
	sasl.login.retry.backoff.ms = 100
	sasl.mechanism = GSSAPI
	sasl.oauthbearer.clock.skew.seconds = 30
	sasl.oauthbearer.expected.audience = null
	sasl.oauthbearer.expected.issuer = null
	sasl.oauthbearer.header.urlencode = false
	sasl.oauthbearer.jwks.endpoint.refresh.ms = 3600000
	sasl.oauthbearer.jwks.endpoint.retry.backoff.max.ms = 10000
	sasl.oauthbearer.jwks.endpoint.retry.backoff.ms = 100
	sasl.oauthbearer.jwks.endpoint.url = null
	sasl.oauthbearer.scope.claim.name = scope
	sasl.oauthbearer.sub.claim.name = sub
	sasl.oauthbearer.token.endpoint.url = null
	security.protocol = PLAINTEXT
	security.providers = null
	send.buffer.bytes = 131072
	socket.connection.setup.timeout.max.ms = 30000
	socket.connection.setup.timeout.ms = 10000
	ssl.cipher.suites = null
	ssl.enabled.protocols = [TLSv1.2, TLSv1.3]
	ssl.endpoint.identification.algorithm = https
	ssl.engine.factory.class = null
	ssl.key.password = null
	ssl.keymanager.algorithm = SunX509
	ssl.keystore.certificate.chain = null
	ssl.keystore.key = null
	ssl.keystore.location = null
	ssl.keystore.password = null
	ssl.keystore.type = JKS
	ssl.protocol = TLSv1.3
	ssl.provider = null
	ssl.secure.random.implementation = null
	ssl.trustmanager.algorithm = PKIX
	ssl.truststore.certificates = null
	ssl.truststore.location = null
	ssl.truststore.password = null
	ssl.truststore.type = JKS

12:17:34.284 [ma.rafik.exercice3.streams.ClickStreamsApp.main()] INFO org.apache.kafka.common.utils.AppInfoParser -- Kafka version: 3.9.1
12:17:34.285 [ma.rafik.exercice3.streams.ClickStreamsApp.main()] INFO org.apache.kafka.common.utils.AppInfoParser -- Kafka commitId: f745dfdcee2b9851
12:17:34.285 [ma.rafik.exercice3.streams.ClickStreamsApp.main()] INFO org.apache.kafka.common.utils.AppInfoParser -- Kafka startTimeMs: 1781777854282
12:17:34.288 [ma.rafik.exercice3.streams.ClickStreamsApp.main()] INFO org.apache.kafka.streams.KafkaStreams -- stream-client [click-streams-app-f2917a81-df84-4798-9a57-03e6ee410292] Kafka Streams version: 3.9.1
12:17:34.288 [ma.rafik.exercice3.streams.ClickStreamsApp.main()] INFO org.apache.kafka.streams.KafkaStreams -- stream-client [click-streams-app-f2917a81-df84-4798-9a57-03e6ee410292] Kafka Streams commit ID: f745dfdcee2b9851
12:17:34.309 [ma.rafik.exercice3.streams.ClickStreamsApp.main()] INFO org.apache.kafka.streams.processor.internals.StreamThread -- stream-thread [click-streams-app-f2917a81-df84-4798-9a57-03e6ee410292-StreamThread-1] Creating restore consumer client
12:17:34.313 [ma.rafik.exercice3.streams.ClickStreamsApp.main()] INFO org.apache.kafka.clients.consumer.ConsumerConfig -- ConsumerConfig values: 
	allow.auto.create.topics = true
	auto.commit.interval.ms = 5000
	auto.include.jmx.reporter = true
	auto.offset.reset = none
	bootstrap.servers = [localhost:9092]
	check.crcs = true
	client.dns.lookup = use_all_dns_ips
	client.id = click-streams-app-f2917a81-df84-4798-9a57-03e6ee410292-StreamThread-1-restore-consumer
	client.rack = 
	connections.max.idle.ms = 540000
	default.api.timeout.ms = 60000
	enable.auto.commit = false
	enable.metrics.push = true
	exclude.internal.topics = true
	fetch.max.bytes = 52428800
	fetch.max.wait.ms = 500
	fetch.min.bytes = 1
	group.id = null
	group.instance.id = null
	group.protocol = classic
	group.remote.assignor = null
	heartbeat.interval.ms = 3000
	interceptor.classes = []
	internal.leave.group.on.close = false
	internal.throw.on.fetch.stable.offset.unsupported = false
	isolation.level = read_uncommitted
	key.deserializer = class org.apache.kafka.common.serialization.ByteArrayDeserializer
	max.partition.fetch.bytes = 1048576
	max.poll.interval.ms = 300000
	max.poll.records = 1000
	metadata.max.age.ms = 300000
	metadata.recovery.strategy = none
	metric.reporters = []
	metrics.num.samples = 2
	metrics.recording.level = INFO
	metrics.sample.window.ms = 30000
	partition.assignment.strategy = [class org.apache.kafka.clients.consumer.RangeAssignor, class org.apache.kafka.clients.consumer.CooperativeStickyAssignor]
	receive.buffer.bytes = 65536
	reconnect.backoff.max.ms = 1000
	reconnect.backoff.ms = 50
	request.timeout.ms = 30000
	retry.backoff.max.ms = 1000
	retry.backoff.ms = 100
	sasl.client.callback.handler.class = null
	sasl.jaas.config = null
	sasl.kerberos.kinit.cmd = /usr/bin/kinit
	sasl.kerberos.min.time.before.relogin = 60000
	sasl.kerberos.service.name = null
	sasl.kerberos.ticket.renew.jitter = 0.05
	sasl.kerberos.ticket.renew.window.factor = 0.8
	sasl.login.callback.handler.class = null
	sasl.login.class = null
	sasl.login.connect.timeout.ms = null
	sasl.login.read.timeout.ms = null
	sasl.login.refresh.buffer.seconds = 300
	sasl.login.refresh.min.period.seconds = 60
	sasl.login.refresh.window.factor = 0.8
	sasl.login.refresh.window.jitter = 0.05
	sasl.login.retry.backoff.max.ms = 10000
	sasl.login.retry.backoff.ms = 100
	sasl.mechanism = GSSAPI
	sasl.oauthbearer.clock.skew.seconds = 30
	sasl.oauthbearer.expected.audience = null
	sasl.oauthbearer.expected.issuer = null
	sasl.oauthbearer.header.urlencode = false
	sasl.oauthbearer.jwks.endpoint.refresh.ms = 3600000
	sasl.oauthbearer.jwks.endpoint.retry.backoff.max.ms = 10000
	sasl.oauthbearer.jwks.endpoint.retry.backoff.ms = 100
	sasl.oauthbearer.jwks.endpoint.url = null
	sasl.oauthbearer.scope.claim.name = scope
	sasl.oauthbearer.sub.claim.name = sub
	sasl.oauthbearer.token.endpoint.url = null
	security.protocol = PLAINTEXT
	security.providers = null
	send.buffer.bytes = 131072
	session.timeout.ms = 45000
	socket.connection.setup.timeout.max.ms = 30000
	socket.connection.setup.timeout.ms = 10000
	ssl.cipher.suites = null
	ssl.enabled.protocols = [TLSv1.2, TLSv1.3]
	ssl.endpoint.identification.algorithm = https
	ssl.engine.factory.class = null
	ssl.key.password = null
	ssl.keymanager.algorithm = SunX509
	ssl.keystore.certificate.chain = null
	ssl.keystore.key = null
	ssl.keystore.location = null
	ssl.keystore.password = null
	ssl.keystore.type = JKS
	ssl.protocol = TLSv1.3
	ssl.provider = null
	ssl.secure.random.implementation = null
	ssl.trustmanager.algorithm = PKIX
	ssl.truststore.certificates = null
	ssl.truststore.location = null
	ssl.truststore.password = null
	ssl.truststore.type = JKS
	value.deserializer = class org.apache.kafka.common.serialization.ByteArrayDeserializer

12:17:34.362 [ma.rafik.exercice3.streams.ClickStreamsApp.main()] INFO org.apache.kafka.common.telemetry.internals.KafkaMetricsCollector -- initializing Kafka metrics collector
12:17:34.420 [ma.rafik.exercice3.streams.ClickStreamsApp.main()] INFO org.apache.kafka.common.utils.AppInfoParser -- Kafka version: 3.9.1
12:17:34.420 [ma.rafik.exercice3.streams.ClickStreamsApp.main()] INFO org.apache.kafka.common.utils.AppInfoParser -- Kafka commitId: f745dfdcee2b9851
12:17:34.420 [ma.rafik.exercice3.streams.ClickStreamsApp.main()] INFO org.apache.kafka.common.utils.AppInfoParser -- Kafka startTimeMs: 1781777854420
12:17:34.430 [ma.rafik.exercice3.streams.ClickStreamsApp.main()] INFO org.apache.kafka.streams.processor.internals.StreamThread -- stream-thread [click-streams-app-f2917a81-df84-4798-9a57-03e6ee410292-StreamThread-1] Creating thread producer client
12:17:34.436 [ma.rafik.exercice3.streams.ClickStreamsApp.main()] INFO org.apache.kafka.clients.producer.ProducerConfig -- ProducerConfig values: 
	acks = -1
	auto.include.jmx.reporter = true
	batch.size = 16384
	bootstrap.servers = [localhost:9092]
	buffer.memory = 33554432
	client.dns.lookup = use_all_dns_ips
	client.id = click-streams-app-f2917a81-df84-4798-9a57-03e6ee410292-StreamThread-1-producer
	compression.gzip.level = -1
	compression.lz4.level = 9
	compression.type = none
	compression.zstd.level = 3
	connections.max.idle.ms = 540000
	delivery.timeout.ms = 120000
	enable.idempotence = true
	enable.metrics.push = true
	interceptor.classes = []
	key.serializer = class org.apache.kafka.common.serialization.ByteArraySerializer
	linger.ms = 100
	max.block.ms = 60000
	max.in.flight.requests.per.connection = 5
	max.request.size = 1048576
	metadata.max.age.ms = 300000
	metadata.max.idle.ms = 300000
	metadata.recovery.strategy = none
	metric.reporters = []
	metrics.num.samples = 2
	metrics.recording.level = INFO
	metrics.sample.window.ms = 30000
	partitioner.adaptive.partitioning.enable = true
	partitioner.availability.timeout.ms = 0
	partitioner.class = null
	partitioner.ignore.keys = false
	receive.buffer.bytes = 32768
	reconnect.backoff.max.ms = 1000
	reconnect.backoff.ms = 50
	request.timeout.ms = 30000
	retries = 2147483647
	retry.backoff.max.ms = 1000
	retry.backoff.ms = 100
	sasl.client.callback.handler.class = null
	sasl.jaas.config = null
	sasl.kerberos.kinit.cmd = /usr/bin/kinit
	sasl.kerberos.min.time.before.relogin = 60000
	sasl.kerberos.service.name = null
	sasl.kerberos.ticket.renew.jitter = 0.05
	sasl.kerberos.ticket.renew.window.factor = 0.8
	sasl.login.callback.handler.class = null
	sasl.login.class = null
	sasl.login.connect.timeout.ms = null
	sasl.login.read.timeout.ms = null
	sasl.login.refresh.buffer.seconds = 300
	sasl.login.refresh.min.period.seconds = 60
	sasl.login.refresh.window.factor = 0.8
	sasl.login.refresh.window.jitter = 0.05
	sasl.login.retry.backoff.max.ms = 10000
	sasl.login.retry.backoff.ms = 100
	sasl.mechanism = GSSAPI
	sasl.oauthbearer.clock.skew.seconds = 30
	sasl.oauthbearer.expected.audience = null
	sasl.oauthbearer.expected.issuer = null
	sasl.oauthbearer.header.urlencode = false
	sasl.oauthbearer.jwks.endpoint.refresh.ms = 3600000
	sasl.oauthbearer.jwks.endpoint.retry.backoff.max.ms = 10000
	sasl.oauthbearer.jwks.endpoint.retry.backoff.ms = 100
	sasl.oauthbearer.jwks.endpoint.url = null
	sasl.oauthbearer.scope.claim.name = scope
	sasl.oauthbearer.sub.claim.name = sub
	sasl.oauthbearer.token.endpoint.url = null
	security.protocol = PLAINTEXT
	security.providers = null
	send.buffer.bytes = 131072
	socket.connection.setup.timeout.max.ms = 30000
	socket.connection.setup.timeout.ms = 10000
	ssl.cipher.suites = null
	ssl.enabled.protocols = [TLSv1.2, TLSv1.3]
	ssl.endpoint.identification.algorithm = https
	ssl.engine.factory.class = null
	ssl.key.password = null
	ssl.keymanager.algorithm = SunX509
	ssl.keystore.certificate.chain = null
	ssl.keystore.key = null
	ssl.keystore.location = null
	ssl.keystore.password = null
	ssl.keystore.type = JKS
	ssl.protocol = TLSv1.3
	ssl.provider = null
	ssl.secure.random.implementation = null
	ssl.trustmanager.algorithm = PKIX
	ssl.truststore.certificates = null
	ssl.truststore.location = null
	ssl.truststore.password = null
	ssl.truststore.type = JKS
	transaction.timeout.ms = 60000
	transactional.id = null
	value.serializer = class org.apache.kafka.common.serialization.ByteArraySerializer

12:17:34.438 [ma.rafik.exercice3.streams.ClickStreamsApp.main()] INFO org.apache.kafka.common.telemetry.internals.KafkaMetricsCollector -- initializing Kafka metrics collector
12:17:34.451 [ma.rafik.exercice3.streams.ClickStreamsApp.main()] INFO org.apache.kafka.clients.producer.KafkaProducer -- [Producer clientId=click-streams-app-f2917a81-df84-4798-9a57-03e6ee410292-StreamThread-1-producer] Instantiated an idempotent producer.
12:17:34.470 [ma.rafik.exercice3.streams.ClickStreamsApp.main()] INFO org.apache.kafka.common.utils.AppInfoParser -- Kafka version: 3.9.1
12:17:34.470 [ma.rafik.exercice3.streams.ClickStreamsApp.main()] INFO org.apache.kafka.common.utils.AppInfoParser -- Kafka commitId: f745dfdcee2b9851
12:17:34.470 [ma.rafik.exercice3.streams.ClickStreamsApp.main()] INFO org.apache.kafka.common.utils.AppInfoParser -- Kafka startTimeMs: 1781777854470
12:17:34.478 [click-streams-app-f2917a81-df84-4798-9a57-03e6ee410292-StateUpdater-1] INFO org.apache.kafka.streams.processor.internals.DefaultStateUpdater -- state-updater [click-streams-app-f2917a81-df84-4798-9a57-03e6ee410292-StateUpdater-1] State updater thread started
12:17:34.484 [ma.rafik.exercice3.streams.ClickStreamsApp.main()] INFO org.apache.kafka.streams.processor.internals.StreamThread -- stream-thread [click-streams-app-f2917a81-df84-4798-9a57-03e6ee410292-StreamThread-1] Creating consumer client
12:17:34.487 [ma.rafik.exercice3.streams.ClickStreamsApp.main()] INFO org.apache.kafka.clients.consumer.ConsumerConfig -- ConsumerConfig values: 
	allow.auto.create.topics = false
	auto.commit.interval.ms = 5000
	auto.include.jmx.reporter = true
	auto.offset.reset = earliest
	bootstrap.servers = [localhost:9092]
	check.crcs = true
	client.dns.lookup = use_all_dns_ips
	client.id = click-streams-app-f2917a81-df84-4798-9a57-03e6ee410292-StreamThread-1-consumer
	client.rack = 
	connections.max.idle.ms = 540000
	default.api.timeout.ms = 60000
	enable.auto.commit = false
	enable.metrics.push = true
	exclude.internal.topics = true
	fetch.max.bytes = 52428800
	fetch.max.wait.ms = 500
	fetch.min.bytes = 1
	group.id = click-streams-app
	group.instance.id = null
	group.protocol = classic
	group.remote.assignor = null
	heartbeat.interval.ms = 3000
	interceptor.classes = []
	internal.leave.group.on.close = false
	internal.throw.on.fetch.stable.offset.unsupported = false
	isolation.level = read_uncommitted
	key.deserializer = class org.apache.kafka.common.serialization.ByteArrayDeserializer
	max.partition.fetch.bytes = 1048576
	max.poll.interval.ms = 300000
	max.poll.records = 1000
	metadata.max.age.ms = 300000
	metadata.recovery.strategy = none
	metric.reporters = []
	metrics.num.samples = 2
	metrics.recording.level = INFO
	metrics.sample.window.ms = 30000
	partition.assignment.strategy = [org.apache.kafka.streams.processor.internals.StreamsPartitionAssignor]
	receive.buffer.bytes = 65536
	reconnect.backoff.max.ms = 1000
	reconnect.backoff.ms = 50
	request.timeout.ms = 30000
	retry.backoff.max.ms = 1000
	retry.backoff.ms = 100
	sasl.client.callback.handler.class = null
	sasl.jaas.config = null
	sasl.kerberos.kinit.cmd = /usr/bin/kinit
	sasl.kerberos.min.time.before.relogin = 60000
	sasl.kerberos.service.name = null
	sasl.kerberos.ticket.renew.jitter = 0.05
	sasl.kerberos.ticket.renew.window.factor = 0.8
	sasl.login.callback.handler.class = null
	sasl.login.class = null
	sasl.login.connect.timeout.ms = null
	sasl.login.read.timeout.ms = null
	sasl.login.refresh.buffer.seconds = 300
	sasl.login.refresh.min.period.seconds = 60
	sasl.login.refresh.window.factor = 0.8
	sasl.login.refresh.window.jitter = 0.05
	sasl.login.retry.backoff.max.ms = 10000
	sasl.login.retry.backoff.ms = 100
	sasl.mechanism = GSSAPI
	sasl.oauthbearer.clock.skew.seconds = 30
	sasl.oauthbearer.expected.audience = null
	sasl.oauthbearer.expected.issuer = null
	sasl.oauthbearer.header.urlencode = false
	sasl.oauthbearer.jwks.endpoint.refresh.ms = 3600000
	sasl.oauthbearer.jwks.endpoint.retry.backoff.max.ms = 10000
	sasl.oauthbearer.jwks.endpoint.retry.backoff.ms = 100
	sasl.oauthbearer.jwks.endpoint.url = null
	sasl.oauthbearer.scope.claim.name = scope
	sasl.oauthbearer.sub.claim.name = sub
	sasl.oauthbearer.token.endpoint.url = null
	security.protocol = PLAINTEXT
	security.providers = null
	send.buffer.bytes = 131072
	session.timeout.ms = 45000
	socket.connection.setup.timeout.max.ms = 30000
	socket.connection.setup.timeout.ms = 10000
	ssl.cipher.suites = null
	ssl.enabled.protocols = [TLSv1.2, TLSv1.3]
	ssl.endpoint.identification.algorithm = https
	ssl.engine.factory.class = null
	ssl.key.password = null
	ssl.keymanager.algorithm = SunX509
	ssl.keystore.certificate.chain = null
	ssl.keystore.key = null
	ssl.keystore.location = null
	ssl.keystore.password = null
	ssl.keystore.type = JKS
	ssl.protocol = TLSv1.3
	ssl.provider = null
	ssl.secure.random.implementation = null
	ssl.trustmanager.algorithm = PKIX
	ssl.truststore.certificates = null
	ssl.truststore.location = null
	ssl.truststore.password = null
	ssl.truststore.type = JKS
	value.deserializer = class org.apache.kafka.common.serialization.ByteArrayDeserializer

12:17:34.495 [ma.rafik.exercice3.streams.ClickStreamsApp.main()] INFO org.apache.kafka.common.telemetry.internals.KafkaMetricsCollector -- initializing Kafka metrics collector
12:17:34.512 [ma.rafik.exercice3.streams.ClickStreamsApp.main()] INFO org.apache.kafka.streams.processor.internals.assignment.AssignorConfiguration -- stream-thread [click-streams-app-f2917a81-df84-4798-9a57-03e6ee410292-StreamThread-1-consumer] Cooperative rebalancing protocol is enabled now
12:17:34.536 [ma.rafik.exercice3.streams.ClickStreamsApp.main()] INFO org.apache.kafka.clients.consumer.ConsumerConfig -- These configurations '[replication.factor, probing.rebalance.interval.ms, max.warmup.replicas, acceptable.recovery.lag, task.assignor.class, rack.aware.assignment.non_overlap_cost, application.server, rack.aware.assignment.strategy, rack.aware.assignment.traffic_cost, windowstore.changelog.additional.retention.ms, num.standby.replicas, upgrade.from, rack.aware.assignment.tags, application.id]' were supplied but are not used yet.
12:17:34.537 [ma.rafik.exercice3.streams.ClickStreamsApp.main()] INFO org.apache.kafka.common.utils.AppInfoParser -- Kafka version: 3.9.1
12:17:34.537 [ma.rafik.exercice3.streams.ClickStreamsApp.main()] INFO org.apache.kafka.common.utils.AppInfoParser -- Kafka commitId: f745dfdcee2b9851
12:17:34.537 [ma.rafik.exercice3.streams.ClickStreamsApp.main()] INFO org.apache.kafka.common.utils.AppInfoParser -- Kafka startTimeMs: 1781777854537
12:17:34.547 [ma.rafik.exercice3.streams.ClickStreamsApp.main()] INFO org.apache.kafka.streams.KafkaStreams -- stream-client [click-streams-app-f2917a81-df84-4798-9a57-03e6ee410292] State transition from CREATED to REBALANCING
12:17:34.547 [ma.rafik.exercice3.streams.ClickStreamsApp.main()] INFO org.apache.kafka.streams.KafkaStreams -- stream-client [click-streams-app-f2917a81-df84-4798-9a57-03e6ee410292] Started 1 stream threads
12:17:34.548 [click-streams-app-f2917a81-df84-4798-9a57-03e6ee410292-StreamThread-1] INFO org.apache.kafka.streams.processor.internals.StreamThread -- stream-thread [click-streams-app-f2917a81-df84-4798-9a57-03e6ee410292-StreamThread-1] Starting
12:17:34.548 [click-streams-app-f2917a81-df84-4798-9a57-03e6ee410292-StreamThread-1] INFO org.apache.kafka.streams.processor.internals.StreamThread -- stream-thread [click-streams-app-f2917a81-df84-4798-9a57-03e6ee410292-StreamThread-1] State transition from CREATED to STARTING
ClickStreamsApp démarré. Topic 'clicks' ? comptage ? 'click-counts'
12:17:34.550 [click-streams-app-f2917a81-df84-4798-9a57-03e6ee410292-StreamThread-1] INFO org.apache.kafka.clients.consumer.internals.ClassicKafkaConsumer -- [Consumer clientId=click-streams-app-f2917a81-df84-4798-9a57-03e6ee410292-StreamThread-1-consumer, groupId=click-streams-app] Subscribed to topic(s): clicks
12:17:34.824 [click-streams-app-f2917a81-df84-4798-9a57-03e6ee410292-StreamThread-1] INFO org.apache.kafka.streams.processor.internals.StreamThread -- stream-thread [click-streams-app-f2917a81-df84-4798-9a57-03e6ee410292-StreamThread-1] Processed 0 total records, ran 0 punctuators, polled 1 times and committed 0 total tasks since the last update 1781777854825ms ago
12:17:34.932 [kafka-producer-network-thread | click-streams-app-f2917a81-df84-4798-9a57-03e6ee410292-StreamThread-1-producer] INFO org.apache.kafka.clients.Metadata -- [Producer clientId=click-streams-app-f2917a81-df84-4798-9a57-03e6ee410292-StreamThread-1-producer] Cluster ID: 5L6g3nShT-eMCtK--X86sw
12:17:34.939 [click-streams-app-f2917a81-df84-4798-9a57-03e6ee410292-StreamThread-1] INFO org.apache.kafka.clients.Metadata -- [Consumer clientId=click-streams-app-f2917a81-df84-4798-9a57-03e6ee410292-StreamThread-1-consumer, groupId=click-streams-app] Cluster ID: 5L6g3nShT-eMCtK--X86sw
12:17:35.046 [kafka-producer-network-thread | click-streams-app-f2917a81-df84-4798-9a57-03e6ee410292-StreamThread-1-producer] INFO org.apache.kafka.clients.producer.internals.TransactionManager -- [Producer clientId=click-streams-app-f2917a81-df84-4798-9a57-03e6ee410292-StreamThread-1-producer] ProducerId set to 0 with epoch 0
12:17:35.051 [click-streams-app-f2917a81-df84-4798-9a57-03e6ee410292-StreamThread-1] INFO org.apache.kafka.clients.consumer.internals.ConsumerCoordinator -- [Consumer clientId=click-streams-app-f2917a81-df84-4798-9a57-03e6ee410292-StreamThread-1-consumer, groupId=click-streams-app] Discovered group coordinator localhost:9092 (id: 2147483646 rack: null)
12:17:35.055 [click-streams-app-f2917a81-df84-4798-9a57-03e6ee410292-StreamThread-1] INFO org.apache.kafka.clients.consumer.internals.ConsumerCoordinator -- [Consumer clientId=click-streams-app-f2917a81-df84-4798-9a57-03e6ee410292-StreamThread-1-consumer, groupId=click-streams-app] (Re-)joining group
12:17:35.102 [click-streams-app-f2917a81-df84-4798-9a57-03e6ee410292-StreamThread-1] INFO org.apache.kafka.clients.consumer.internals.ConsumerCoordinator -- [Consumer clientId=click-streams-app-f2917a81-df84-4798-9a57-03e6ee410292-StreamThread-1-consumer, groupId=click-streams-app] Group coordinator localhost:9092 (id: 2147483646 rack: null) is unavailable or invalid due to cause: error response NOT_COORDINATOR. isDisconnected: false. Rediscovery will be attempted.
12:17:35.103 [click-streams-app-f2917a81-df84-4798-9a57-03e6ee410292-StreamThread-1] INFO org.apache.kafka.clients.consumer.internals.ConsumerCoordinator -- [Consumer clientId=click-streams-app-f2917a81-df84-4798-9a57-03e6ee410292-StreamThread-1-consumer, groupId=click-streams-app] Requesting disconnect from last known coordinator localhost:9092 (id: 2147483646 rack: null)
12:17:35.104 [click-streams-app-f2917a81-df84-4798-9a57-03e6ee410292-StreamThread-1] INFO org.apache.kafka.clients.consumer.internals.ConsumerCoordinator -- [Consumer clientId=click-streams-app-f2917a81-df84-4798-9a57-03e6ee410292-StreamThread-1-consumer, groupId=click-streams-app] JoinGroup failed: This is not the correct coordinator. Marking coordinator unknown. Sent generation was Generation{generationId=-1, memberId='', protocol='null'}
12:17:35.104 [click-streams-app-f2917a81-df84-4798-9a57-03e6ee410292-StreamThread-1] INFO org.apache.kafka.clients.NetworkClient -- [Consumer clientId=click-streams-app-f2917a81-df84-4798-9a57-03e6ee410292-StreamThread-1-consumer, groupId=click-streams-app] Client requested disconnect from node 2147483646
12:17:35.111 [click-streams-app-f2917a81-df84-4798-9a57-03e6ee410292-StreamThread-1] INFO org.apache.kafka.clients.consumer.internals.ConsumerCoordinator -- [Consumer clientId=click-streams-app-f2917a81-df84-4798-9a57-03e6ee410292-StreamThread-1-consumer, groupId=click-streams-app] Discovered group coordinator localhost:9092 (id: 2147483646 rack: null)
12:17:35.111 [click-streams-app-f2917a81-df84-4798-9a57-03e6ee410292-StreamThread-1] INFO org.apache.kafka.clients.consumer.internals.ConsumerCoordinator -- [Consumer clientId=click-streams-app-f2917a81-df84-4798-9a57-03e6ee410292-StreamThread-1-consumer, groupId=click-streams-app] Group coordinator localhost:9092 (id: 2147483646 rack: null) is unavailable or invalid due to cause: coordinator unavailable. isDisconnected: false. Rediscovery will be attempted.
12:17:35.111 [click-streams-app-f2917a81-df84-4798-9a57-03e6ee410292-StreamThread-1] INFO org.apache.kafka.clients.consumer.internals.ConsumerCoordinator -- [Consumer clientId=click-streams-app-f2917a81-df84-4798-9a57-03e6ee410292-StreamThread-1-consumer, groupId=click-streams-app] Requesting disconnect from last known coordinator localhost:9092 (id: 2147483646 rack: null)
12:17:35.152 [click-streams-app-f2917a81-df84-4798-9a57-03e6ee410292-StreamThread-1] INFO org.apache.kafka.clients.consumer.internals.ConsumerCoordinator -- [Consumer clientId=click-streams-app-f2917a81-df84-4798-9a57-03e6ee410292-StreamThread-1-consumer, groupId=click-streams-app] Discovered group coordinator localhost:9092 (id: 2147483646 rack: null)
12:17:35.152 [click-streams-app-f2917a81-df84-4798-9a57-03e6ee410292-StreamThread-1] INFO org.apache.kafka.clients.consumer.internals.ConsumerCoordinator -- [Consumer clientId=click-streams-app-f2917a81-df84-4798-9a57-03e6ee410292-StreamThread-1-consumer, groupId=click-streams-app] Group coordinator localhost:9092 (id: 2147483646 rack: null) is unavailable or invalid due to cause: coordinator unavailable. isDisconnected: false. Rediscovery will be attempted.
12:17:35.153 [click-streams-app-f2917a81-df84-4798-9a57-03e6ee410292-StreamThread-1] INFO org.apache.kafka.clients.consumer.internals.ConsumerCoordinator -- [Consumer clientId=click-streams-app-f2917a81-df84-4798-9a57-03e6ee410292-StreamThread-1-consumer, groupId=click-streams-app] Requesting disconnect from last known coordinator localhost:9092 (id: 2147483646 rack: null)
12:17:35.245 [click-streams-app-f2917a81-df84-4798-9a57-03e6ee410292-StreamThread-1] INFO org.apache.kafka.clients.consumer.internals.ConsumerCoordinator -- [Consumer clientId=click-streams-app-f2917a81-df84-4798-9a57-03e6ee410292-StreamThread-1-consumer, groupId=click-streams-app] Discovered group coordinator localhost:9092 (id: 2147483646 rack: null)
12:17:35.247 [click-streams-app-f2917a81-df84-4798-9a57-03e6ee410292-StreamThread-1] INFO org.apache.kafka.clients.consumer.internals.ConsumerCoordinator -- [Consumer clientId=click-streams-app-f2917a81-df84-4798-9a57-03e6ee410292-StreamThread-1-consumer, groupId=click-streams-app] Request joining group due to: rebalance failed due to 'This is not the correct coordinator.' (NotCoordinatorException)
12:17:35.248 [click-streams-app-f2917a81-df84-4798-9a57-03e6ee410292-StreamThread-1] INFO org.apache.kafka.clients.consumer.internals.ConsumerCoordinator -- [Consumer clientId=click-streams-app-f2917a81-df84-4798-9a57-03e6ee410292-StreamThread-1-consumer, groupId=click-streams-app] (Re-)joining group
12:17:35.256 [click-streams-app-f2917a81-df84-4798-9a57-03e6ee410292-StreamThread-1] INFO org.apache.kafka.clients.consumer.internals.ConsumerCoordinator -- [Consumer clientId=click-streams-app-f2917a81-df84-4798-9a57-03e6ee410292-StreamThread-1-consumer, groupId=click-streams-app] Group coordinator localhost:9092 (id: 2147483646 rack: null) is unavailable or invalid due to cause: error response NOT_COORDINATOR. isDisconnected: false. Rediscovery will be attempted.
12:17:35.256 [click-streams-app-f2917a81-df84-4798-9a57-03e6ee410292-StreamThread-1] INFO org.apache.kafka.clients.consumer.internals.ConsumerCoordinator -- [Consumer clientId=click-streams-app-f2917a81-df84-4798-9a57-03e6ee410292-StreamThread-1-consumer, groupId=click-streams-app] Requesting disconnect from last known coordinator localhost:9092 (id: 2147483646 rack: null)
12:17:35.256 [click-streams-app-f2917a81-df84-4798-9a57-03e6ee410292-StreamThread-1] INFO org.apache.kafka.clients.consumer.internals.ConsumerCoordinator -- [Consumer clientId=click-streams-app-f2917a81-df84-4798-9a57-03e6ee410292-StreamThread-1-consumer, groupId=click-streams-app] JoinGroup failed: This is not the correct coordinator. Marking coordinator unknown. Sent generation was Generation{generationId=-1, memberId='', protocol='null'}
12:17:35.257 [click-streams-app-f2917a81-df84-4798-9a57-03e6ee410292-StreamThread-1] INFO org.apache.kafka.clients.NetworkClient -- [Consumer clientId=click-streams-app-f2917a81-df84-4798-9a57-03e6ee410292-StreamThread-1-consumer, groupId=click-streams-app] Client requested disconnect from node 2147483646
12:17:35.263 [click-streams-app-f2917a81-df84-4798-9a57-03e6ee410292-StreamThread-1] INFO org.apache.kafka.clients.consumer.internals.ConsumerCoordinator -- [Consumer clientId=click-streams-app-f2917a81-df84-4798-9a57-03e6ee410292-StreamThread-1-consumer, groupId=click-streams-app] Discovered group coordinator localhost:9092 (id: 2147483646 rack: null)
12:17:35.264 [click-streams-app-f2917a81-df84-4798-9a57-03e6ee410292-StreamThread-1] INFO org.apache.kafka.clients.consumer.internals.ConsumerCoordinator -- [Consumer clientId=click-streams-app-f2917a81-df84-4798-9a57-03e6ee410292-StreamThread-1-consumer, groupId=click-streams-app] Group coordinator localhost:9092 (id: 2147483646 rack: null) is unavailable or invalid due to cause: coordinator unavailable. isDisconnected: false. Rediscovery will be attempted.
12:17:35.264 [click-streams-app-f2917a81-df84-4798-9a57-03e6ee410292-StreamThread-1] INFO org.apache.kafka.clients.consumer.internals.ConsumerCoordinator -- [Consumer clientId=click-streams-app-f2917a81-df84-4798-9a57-03e6ee410292-StreamThread-1-consumer, groupId=click-streams-app] Requesting disconnect from last known coordinator localhost:9092 (id: 2147483646 rack: null)
12:17:35.353 [click-streams-app-f2917a81-df84-4798-9a57-03e6ee410292-StreamThread-1] INFO org.apache.kafka.clients.consumer.internals.ConsumerCoordinator -- [Consumer clientId=click-streams-app-f2917a81-df84-4798-9a57-03e6ee410292-StreamThread-1-consumer, groupId=click-streams-app] Discovered group coordinator localhost:9092 (id: 2147483646 rack: null)
12:17:35.355 [click-streams-app-f2917a81-df84-4798-9a57-03e6ee410292-StreamThread-1] INFO org.apache.kafka.clients.consumer.internals.ConsumerCoordinator -- [Consumer clientId=click-streams-app-f2917a81-df84-4798-9a57-03e6ee410292-StreamThread-1-consumer, groupId=click-streams-app] Request joining group due to: rebalance failed due to 'This is not the correct coordinator.' (NotCoordinatorException)
12:17:35.356 [click-streams-app-f2917a81-df84-4798-9a57-03e6ee410292-StreamThread-1] INFO org.apache.kafka.clients.consumer.internals.ConsumerCoordinator -- [Consumer clientId=click-streams-app-f2917a81-df84-4798-9a57-03e6ee410292-StreamThread-1-consumer, groupId=click-streams-app] (Re-)joining group
12:17:35.364 [click-streams-app-f2917a81-df84-4798-9a57-03e6ee410292-StreamThread-1] INFO org.apache.kafka.clients.consumer.internals.ConsumerCoordinator -- [Consumer clientId=click-streams-app-f2917a81-df84-4798-9a57-03e6ee410292-StreamThread-1-consumer, groupId=click-streams-app] Group coordinator localhost:9092 (id: 2147483646 rack: null) is unavailable or invalid due to cause: error response NOT_COORDINATOR. isDisconnected: false. Rediscovery will be attempted.
12:17:35.365 [click-streams-app-f2917a81-df84-4798-9a57-03e6ee410292-StreamThread-1] INFO org.apache.kafka.clients.consumer.internals.ConsumerCoordinator -- [Consumer clientId=click-streams-app-f2917a81-df84-4798-9a57-03e6ee410292-StreamThread-1-consumer, groupId=click-streams-app] Requesting disconnect from last known coordinator localhost:9092 (id: 2147483646 rack: null)
12:17:35.365 [click-streams-app-f2917a81-df84-4798-9a57-03e6ee410292-StreamThread-1] INFO org.apache.kafka.clients.consumer.internals.ConsumerCoordinator -- [Consumer clientId=click-streams-app-f2917a81-df84-4798-9a57-03e6ee410292-StreamThread-1-consumer, groupId=click-streams-app] JoinGroup failed: This is not the correct coordinator. Marking coordinator unknown. Sent generation was Generation{generationId=-1, memberId='', protocol='null'}
12:17:35.365 [click-streams-app-f2917a81-df84-4798-9a57-03e6ee410292-StreamThread-1] INFO org.apache.kafka.clients.NetworkClient -- [Consumer clientId=click-streams-app-f2917a81-df84-4798-9a57-03e6ee410292-StreamThread-1-consumer, groupId=click-streams-app] Client requested disconnect from node 2147483646
12:17:35.370 [click-streams-app-f2917a81-df84-4798-9a57-03e6ee410292-StreamThread-1] INFO org.apache.kafka.clients.consumer.internals.ConsumerCoordinator -- [Consumer clientId=click-streams-app-f2917a81-df84-4798-9a57-03e6ee410292-StreamThread-1-consumer, groupId=click-streams-app] Discovered group coordinator localhost:9092 (id: 2147483646 rack: null)
12:17:35.370 [click-streams-app-f2917a81-df84-4798-9a57-03e6ee410292-StreamThread-1] INFO org.apache.kafka.clients.consumer.internals.ConsumerCoordinator -- [Consumer clientId=click-streams-app-f2917a81-df84-4798-9a57-03e6ee410292-StreamThread-1-consumer, groupId=click-streams-app] Group coordinator localhost:9092 (id: 2147483646 rack: null) is unavailable or invalid due to cause: coordinator unavailable. isDisconnected: false. Rediscovery will be attempted.
12:17:35.371 [click-streams-app-f2917a81-df84-4798-9a57-03e6ee410292-StreamThread-1] INFO org.apache.kafka.clients.consumer.internals.ConsumerCoordinator -- [Consumer clientId=click-streams-app-f2917a81-df84-4798-9a57-03e6ee410292-StreamThread-1-consumer, groupId=click-streams-app] Requesting disconnect from last known coordinator localhost:9092 (id: 2147483646 rack: null)
12:17:35.468 [click-streams-app-f2917a81-df84-4798-9a57-03e6ee410292-StreamThread-1] INFO org.apache.kafka.clients.consumer.internals.ConsumerCoordinator -- [Consumer clientId=click-streams-app-f2917a81-df84-4798-9a57-03e6ee410292-StreamThread-1-consumer, groupId=click-streams-app] Discovered group coordinator localhost:9092 (id: 2147483646 rack: null)
12:17:35.469 [click-streams-app-f2917a81-df84-4798-9a57-03e6ee410292-StreamThread-1] INFO org.apache.kafka.clients.consumer.internals.ConsumerCoordinator -- [Consumer clientId=click-streams-app-f2917a81-df84-4798-9a57-03e6ee410292-StreamThread-1-consumer, groupId=click-streams-app] Request joining group due to: rebalance failed due to 'This is not the correct coordinator.' (NotCoordinatorException)
12:17:35.470 [click-streams-app-f2917a81-df84-4798-9a57-03e6ee410292-StreamThread-1] INFO org.apache.kafka.clients.consumer.internals.ConsumerCoordinator -- [Consumer clientId=click-streams-app-f2917a81-df84-4798-9a57-03e6ee410292-StreamThread-1-consumer, groupId=click-streams-app] (Re-)joining group
12:17:35.476 [click-streams-app-f2917a81-df84-4798-9a57-03e6ee410292-StreamThread-1] INFO org.apache.kafka.clients.consumer.internals.ConsumerCoordinator -- [Consumer clientId=click-streams-app-f2917a81-df84-4798-9a57-03e6ee410292-StreamThread-1-consumer, groupId=click-streams-app] Group coordinator localhost:9092 (id: 2147483646 rack: null) is unavailable or invalid due to cause: error response NOT_COORDINATOR. isDisconnected: false. Rediscovery will be attempted.
12:17:35.476 [click-streams-app-f2917a81-df84-4798-9a57-03e6ee410292-StreamThread-1] INFO org.apache.kafka.clients.consumer.internals.ConsumerCoordinator -- [Consumer clientId=click-streams-app-f2917a81-df84-4798-9a57-03e6ee410292-StreamThread-1-consumer, groupId=click-streams-app] Requesting disconnect from last known coordinator localhost:9092 (id: 2147483646 rack: null)
12:17:35.477 [click-streams-app-f2917a81-df84-4798-9a57-03e6ee410292-StreamThread-1] INFO org.apache.kafka.clients.consumer.internals.ConsumerCoordinator -- [Consumer clientId=click-streams-app-f2917a81-df84-4798-9a57-03e6ee410292-StreamThread-1-consumer, groupId=click-streams-app] JoinGroup failed: This is not the correct coordinator. Marking coordinator unknown. Sent generation was Generation{generationId=-1, memberId='', protocol='null'}
12:17:35.478 [click-streams-app-f2917a81-df84-4798-9a57-03e6ee410292-StreamThread-1] INFO org.apache.kafka.clients.NetworkClient -- [Consumer clientId=click-streams-app-f2917a81-df84-4798-9a57-03e6ee410292-StreamThread-1-consumer, groupId=click-streams-app] Client requested disconnect from node 2147483646
12:17:35.481 [click-streams-app-f2917a81-df84-4798-9a57-03e6ee410292-StreamThread-1] INFO org.apache.kafka.clients.consumer.internals.ConsumerCoordinator -- [Consumer clientId=click-streams-app-f2917a81-df84-4798-9a57-03e6ee410292-StreamThread-1-consumer, groupId=click-streams-app] Discovered group coordinator localhost:9092 (id: 2147483646 rack: null)
12:17:35.481 [click-streams-app-f2917a81-df84-4798-9a57-03e6ee410292-StreamThread-1] INFO org.apache.kafka.clients.consumer.internals.ConsumerCoordinator -- [Consumer clientId=click-streams-app-f2917a81-df84-4798-9a57-03e6ee410292-StreamThread-1-consumer, groupId=click-streams-app] Group coordinator localhost:9092 (id: 2147483646 rack: null) is unavailable or invalid due to cause: coordinator unavailable. isDisconnected: false. Rediscovery will be attempted.
12:17:35.482 [click-streams-app-f2917a81-df84-4798-9a57-03e6ee410292-StreamThread-1] INFO org.apache.kafka.clients.consumer.internals.ConsumerCoordinator -- [Consumer clientId=click-streams-app-f2917a81-df84-4798-9a57-03e6ee410292-StreamThread-1-consumer, groupId=click-streams-app] Requesting disconnect from last known coordinator localhost:9092 (id: 2147483646 rack: null)
12:17:35.569 [click-streams-app-f2917a81-df84-4798-9a57-03e6ee410292-StreamThread-1] INFO org.apache.kafka.clients.consumer.internals.ConsumerCoordinator -- [Consumer clientId=click-streams-app-f2917a81-df84-4798-9a57-03e6ee410292-StreamThread-1-consumer, groupId=click-streams-app] Discovered group coordinator localhost:9092 (id: 2147483646 rack: null)
12:17:35.571 [click-streams-app-f2917a81-df84-4798-9a57-03e6ee410292-StreamThread-1] INFO org.apache.kafka.clients.consumer.internals.ConsumerCoordinator -- [Consumer clientId=click-streams-app-f2917a81-df84-4798-9a57-03e6ee410292-StreamThread-1-consumer, groupId=click-streams-app] Request joining group due to: rebalance failed due to 'This is not the correct coordinator.' (NotCoordinatorException)
12:17:35.571 [click-streams-app-f2917a81-df84-4798-9a57-03e6ee410292-StreamThread-1] INFO org.apache.kafka.clients.consumer.internals.ConsumerCoordinator -- [Consumer clientId=click-streams-app-f2917a81-df84-4798-9a57-03e6ee410292-StreamThread-1-consumer, groupId=click-streams-app] (Re-)joining group
12:17:35.578 [click-streams-app-f2917a81-df84-4798-9a57-03e6ee410292-StreamThread-1] INFO org.apache.kafka.clients.consumer.internals.ConsumerCoordinator -- [Consumer clientId=click-streams-app-f2917a81-df84-4798-9a57-03e6ee410292-StreamThread-1-consumer, groupId=click-streams-app] Group coordinator localhost:9092 (id: 2147483646 rack: null) is unavailable or invalid due to cause: error response NOT_COORDINATOR. isDisconnected: false. Rediscovery will be attempted.
12:17:35.579 [click-streams-app-f2917a81-df84-4798-9a57-03e6ee410292-StreamThread-1] INFO org.apache.kafka.clients.consumer.internals.ConsumerCoordinator -- [Consumer clientId=click-streams-app-f2917a81-df84-4798-9a57-03e6ee410292-StreamThread-1-consumer, groupId=click-streams-app] Requesting disconnect from last known coordinator localhost:9092 (id: 2147483646 rack: null)
12:17:35.579 [click-streams-app-f2917a81-df84-4798-9a57-03e6ee410292-StreamThread-1] INFO org.apache.kafka.clients.consumer.internals.ConsumerCoordinator -- [Consumer clientId=click-streams-app-f2917a81-df84-4798-9a57-03e6ee410292-StreamThread-1-consumer, groupId=click-streams-app] JoinGroup failed: This is not the correct coordinator. Marking coordinator unknown. Sent generation was Generation{generationId=-1, memberId='', protocol='null'}
12:17:35.580 [click-streams-app-f2917a81-df84-4798-9a57-03e6ee410292-StreamThread-1] INFO org.apache.kafka.clients.NetworkClient -- [Consumer clientId=click-streams-app-f2917a81-df84-4798-9a57-03e6ee410292-StreamThread-1-consumer, groupId=click-streams-app] Client requested disconnect from node 2147483646
12:17:35.583 [click-streams-app-f2917a81-df84-4798-9a57-03e6ee410292-StreamThread-1] INFO org.apache.kafka.clients.consumer.internals.ConsumerCoordinator -- [Consumer clientId=click-streams-app-f2917a81-df84-4798-9a57-03e6ee410292-StreamThread-1-consumer, groupId=click-streams-app] Discovered group coordinator localhost:9092 (id: 2147483646 rack: null)
12:17:35.584 [click-streams-app-f2917a81-df84-4798-9a57-03e6ee410292-StreamThread-1] INFO org.apache.kafka.clients.consumer.internals.ConsumerCoordinator -- [Consumer clientId=click-streams-app-f2917a81-df84-4798-9a57-03e6ee410292-StreamThread-1-consumer, groupId=click-streams-app] Group coordinator localhost:9092 (id: 2147483646 rack: null) is unavailable or invalid due to cause: coordinator unavailable. isDisconnected: false. Rediscovery will be attempted.
12:17:35.584 [click-streams-app-f2917a81-df84-4798-9a57-03e6ee410292-StreamThread-1] INFO org.apache.kafka.clients.consumer.internals.ConsumerCoordinator -- [Consumer clientId=click-streams-app-f2917a81-df84-4798-9a57-03e6ee410292-StreamThread-1-consumer, groupId=click-streams-app] Requesting disconnect from last known coordinator localhost:9092 (id: 2147483646 rack: null)
12:17:35.671 [click-streams-app-f2917a81-df84-4798-9a57-03e6ee410292-StreamThread-1] INFO org.apache.kafka.clients.consumer.internals.ConsumerCoordinator -- [Consumer clientId=click-streams-app-f2917a81-df84-4798-9a57-03e6ee410292-StreamThread-1-consumer, groupId=click-streams-app] Discovered group coordinator localhost:9092 (id: 2147483646 rack: null)
12:17:35.672 [click-streams-app-f2917a81-df84-4798-9a57-03e6ee410292-StreamThread-1] INFO org.apache.kafka.clients.consumer.internals.ConsumerCoordinator -- [Consumer clientId=click-streams-app-f2917a81-df84-4798-9a57-03e6ee410292-StreamThread-1-consumer, groupId=click-streams-app] Request joining group due to: rebalance failed due to 'This is not the correct coordinator.' (NotCoordinatorException)
12:17:35.673 [click-streams-app-f2917a81-df84-4798-9a57-03e6ee410292-StreamThread-1] INFO org.apache.kafka.clients.consumer.internals.ConsumerCoordinator -- [Consumer clientId=click-streams-app-f2917a81-df84-4798-9a57-03e6ee410292-StreamThread-1-consumer, groupId=click-streams-app] (Re-)joining group
12:17:35.680 [click-streams-app-f2917a81-df84-4798-9a57-03e6ee410292-StreamThread-1] INFO org.apache.kafka.clients.consumer.internals.ConsumerCoordinator -- [Consumer clientId=click-streams-app-f2917a81-df84-4798-9a57-03e6ee410292-StreamThread-1-consumer, groupId=click-streams-app] Group coordinator localhost:9092 (id: 2147483646 rack: null) is unavailable or invalid due to cause: error response NOT_COORDINATOR. isDisconnected: false. Rediscovery will be attempted.
12:17:35.681 [click-streams-app-f2917a81-df84-4798-9a57-03e6ee410292-StreamThread-1] INFO org.apache.kafka.clients.consumer.internals.ConsumerCoordinator -- [Consumer clientId=click-streams-app-f2917a81-df84-4798-9a57-03e6ee410292-StreamThread-1-consumer, groupId=click-streams-app] Requesting disconnect from last known coordinator localhost:9092 (id: 2147483646 rack: null)
12:17:35.681 [click-streams-app-f2917a81-df84-4798-9a57-03e6ee410292-StreamThread-1] INFO org.apache.kafka.clients.consumer.internals.ConsumerCoordinator -- [Consumer clientId=click-streams-app-f2917a81-df84-4798-9a57-03e6ee410292-StreamThread-1-consumer, groupId=click-streams-app] JoinGroup failed: This is not the correct coordinator. Marking coordinator unknown. Sent generation was Generation{generationId=-1, memberId='', protocol='null'}
12:17:35.681 [click-streams-app-f2917a81-df84-4798-9a57-03e6ee410292-StreamThread-1] INFO org.apache.kafka.clients.NetworkClient -- [Consumer clientId=click-streams-app-f2917a81-df84-4798-9a57-03e6ee410292-StreamThread-1-consumer, groupId=click-streams-app] Client requested disconnect from node 2147483646
12:17:35.685 [click-streams-app-f2917a81-df84-4798-9a57-03e6ee410292-StreamThread-1] INFO org.apache.kafka.clients.consumer.internals.ConsumerCoordinator -- [Consumer clientId=click-streams-app-f2917a81-df84-4798-9a57-03e6ee410292-StreamThread-1-consumer, groupId=click-streams-app] Discovered group coordinator localhost:9092 (id: 2147483646 rack: null)
12:17:35.686 [click-streams-app-f2917a81-df84-4798-9a57-03e6ee410292-StreamThread-1] INFO org.apache.kafka.clients.consumer.internals.ConsumerCoordinator -- [Consumer clientId=click-streams-app-f2917a81-df84-4798-9a57-03e6ee410292-StreamThread-1-consumer, groupId=click-streams-app] Group coordinator localhost:9092 (id: 2147483646 rack: null) is unavailable or invalid due to cause: coordinator unavailable. isDisconnected: false. Rediscovery will be attempted.
12:17:35.687 [click-streams-app-f2917a81-df84-4798-9a57-03e6ee410292-StreamThread-1] INFO org.apache.kafka.clients.consumer.internals.ConsumerCoordinator -- [Consumer clientId=click-streams-app-f2917a81-df84-4798-9a57-03e6ee410292-StreamThread-1-consumer, groupId=click-streams-app] Requesting disconnect from last known coordinator localhost:9092 (id: 2147483646 rack: null)
12:17:35.776 [click-streams-app-f2917a81-df84-4798-9a57-03e6ee410292-StreamThread-1] INFO org.apache.kafka.clients.consumer.internals.ConsumerCoordinator -- [Consumer clientId=click-streams-app-f2917a81-df84-4798-9a57-03e6ee410292-StreamThread-1-consumer, groupId=click-streams-app] Discovered group coordinator localhost:9092 (id: 2147483646 rack: null)
12:17:35.779 [click-streams-app-f2917a81-df84-4798-9a57-03e6ee410292-StreamThread-1] INFO org.apache.kafka.clients.consumer.internals.ConsumerCoordinator -- [Consumer clientId=click-streams-app-f2917a81-df84-4798-9a57-03e6ee410292-StreamThread-1-consumer, groupId=click-streams-app] Request joining group due to: rebalance failed due to 'This is not the correct coordinator.' (NotCoordinatorException)
12:17:35.782 [click-streams-app-f2917a81-df84-4798-9a57-03e6ee410292-StreamThread-1] INFO org.apache.kafka.clients.consumer.internals.ConsumerCoordinator -- [Consumer clientId=click-streams-app-f2917a81-df84-4798-9a57-03e6ee410292-StreamThread-1-consumer, groupId=click-streams-app] (Re-)joining group
12:17:35.793 [click-streams-app-f2917a81-df84-4798-9a57-03e6ee410292-StreamThread-1] INFO org.apache.kafka.clients.consumer.internals.ConsumerCoordinator -- [Consumer clientId=click-streams-app-f2917a81-df84-4798-9a57-03e6ee410292-StreamThread-1-consumer, groupId=click-streams-app] Request joining group due to: need to re-join with the given member-id: click-streams-app-f2917a81-df84-4798-9a57-03e6ee410292-StreamThread-1-consumer-84c3f0e5-1f53-46c5-b517-4a7d0ee09f16
12:17:35.795 [click-streams-app-f2917a81-df84-4798-9a57-03e6ee410292-StreamThread-1] INFO org.apache.kafka.clients.consumer.internals.ConsumerCoordinator -- [Consumer clientId=click-streams-app-f2917a81-df84-4798-9a57-03e6ee410292-StreamThread-1-consumer, groupId=click-streams-app] (Re-)joining group
12:17:35.821 [click-streams-app-f2917a81-df84-4798-9a57-03e6ee410292-StreamThread-1] INFO org.apache.kafka.clients.consumer.internals.ConsumerCoordinator -- [Consumer clientId=click-streams-app-f2917a81-df84-4798-9a57-03e6ee410292-StreamThread-1-consumer, groupId=click-streams-app] Successfully joined group with generation Generation{generationId=1, memberId='click-streams-app-f2917a81-df84-4798-9a57-03e6ee410292-StreamThread-1-consumer-84c3f0e5-1f53-46c5-b517-4a7d0ee09f16', protocol='stream'}
12:17:35.831 [click-streams-app-f2917a81-df84-4798-9a57-03e6ee410292-StreamThread-1] INFO org.apache.kafka.streams.processor.internals.RepartitionTopics -- stream-thread [click-streams-app-f2917a81-df84-4798-9a57-03e6ee410292-StreamThread-1-consumer] Skipping the repartition topic validation since there are no repartition topics.
12:17:35.942 [click-streams-app-f2917a81-df84-4798-9a57-03e6ee410292-StreamThread-1] INFO org.apache.kafka.streams.processor.internals.StreamsPartitionAssignor -- stream-thread [click-streams-app-f2917a81-df84-4798-9a57-03e6ee410292-StreamThread-1-consumer] 1 client nodes and 1 consumers participating in this rebalance: 
f2917a81-df84-4798-9a57-03e6ee410292: [click-streams-app-f2917a81-df84-4798-9a57-03e6ee410292-StreamThread-1-consumer-84c3f0e5-1f53-46c5-b517-4a7d0ee09f16].
12:17:35.943 [click-streams-app-f2917a81-df84-4798-9a57-03e6ee410292-StreamThread-1] INFO org.apache.kafka.streams.processor.internals.StreamsPartitionAssignor -- stream-thread [click-streams-app-f2917a81-df84-4798-9a57-03e6ee410292-StreamThread-1-consumer] Assigning stateful tasks: [0_0]
and stateless tasks: []
12:17:35.943 [click-streams-app-f2917a81-df84-4798-9a57-03e6ee410292-StreamThread-1] INFO org.apache.kafka.streams.processor.internals.assignment.AssignorConfiguration -- stream-thread [click-streams-app-f2917a81-df84-4798-9a57-03e6ee410292-StreamThread-1-consumer] No custom task assignors found, defaulting to internal task assignment with internal.task.assignor.class
12:17:35.954 [click-streams-app-f2917a81-df84-4798-9a57-03e6ee410292-StreamThread-1] INFO org.apache.kafka.streams.processor.internals.assignment.HighAvailabilityTaskAssignor -- Decided on assignment: {f2917a81-df84-4798-9a57-03e6ee410292=[activeTasks: ([0_0]) standbyTasks: ([]) prevActiveTasks: ([]) prevStandbyTasks: ([0_0]) changelogOffsetTotalsByTask: ([0_0=0]) taskLagTotals: ([0_0=0]) clientTags: ([]) capacity: 1 assigned: 1]} with no followup probing rebalance.
12:17:35.955 [click-streams-app-f2917a81-df84-4798-9a57-03e6ee410292-StreamThread-1] INFO org.apache.kafka.streams.processor.internals.StreamsPartitionAssignor -- stream-thread [click-streams-app-f2917a81-df84-4798-9a57-03e6ee410292-StreamThread-1-consumer] Assigned 1 total tasks including 1 stateful tasks to 1 client nodes.
12:17:35.955 [click-streams-app-f2917a81-df84-4798-9a57-03e6ee410292-StreamThread-1] INFO org.apache.kafka.streams.processor.internals.StreamsPartitionAssignor -- stream-thread [click-streams-app-f2917a81-df84-4798-9a57-03e6ee410292-StreamThread-1-consumer] Assignment of tasks to nodes: f2917a81-df84-4798-9a57-03e6ee410292=[activeTasks: ([0_0]) standbyTasks: ([])]
12:17:35.961 [click-streams-app-f2917a81-df84-4798-9a57-03e6ee410292-StreamThread-1] INFO org.apache.kafka.streams.processor.internals.StreamsPartitionAssignor -- stream-thread [click-streams-app-f2917a81-df84-4798-9a57-03e6ee410292-StreamThread-1-consumer] Client f2917a81-df84-4798-9a57-03e6ee410292 per-consumer assignment:
	prev owned active {}
	prev owned standby {click-streams-app-f2917a81-df84-4798-9a57-03e6ee410292-StreamThread-1-consumer-84c3f0e5-1f53-46c5-b517-4a7d0ee09f16=[0_0]}
	assigned active {click-streams-app-f2917a81-df84-4798-9a57-03e6ee410292-StreamThread-1-consumer-84c3f0e5-1f53-46c5-b517-4a7d0ee09f16=[0_0]}
	revoking active {}
	assigned standby {}

12:17:35.962 [click-streams-app-f2917a81-df84-4798-9a57-03e6ee410292-StreamThread-1] INFO org.apache.kafka.streams.processor.internals.StreamsPartitionAssignor -- stream-thread [click-streams-app-f2917a81-df84-4798-9a57-03e6ee410292-StreamThread-1-consumer] Finished stable assignment of tasks, no followup rebalances required.
12:17:35.962 [click-streams-app-f2917a81-df84-4798-9a57-03e6ee410292-StreamThread-1] INFO org.apache.kafka.clients.consumer.internals.ConsumerCoordinator -- [Consumer clientId=click-streams-app-f2917a81-df84-4798-9a57-03e6ee410292-StreamThread-1-consumer, groupId=click-streams-app] Finished assignment for group at generation 1: {click-streams-app-f2917a81-df84-4798-9a57-03e6ee410292-StreamThread-1-consumer-84c3f0e5-1f53-46c5-b517-4a7d0ee09f16=Assignment(partitions=[clicks-0], userDataSize=52)}
12:17:35.972 [click-streams-app-f2917a81-df84-4798-9a57-03e6ee410292-StreamThread-1] INFO org.apache.kafka.clients.consumer.internals.ConsumerCoordinator -- [Consumer clientId=click-streams-app-f2917a81-df84-4798-9a57-03e6ee410292-StreamThread-1-consumer, groupId=click-streams-app] Successfully synced group in generation Generation{generationId=1, memberId='click-streams-app-f2917a81-df84-4798-9a57-03e6ee410292-StreamThread-1-consumer-84c3f0e5-1f53-46c5-b517-4a7d0ee09f16', protocol='stream'}
12:17:35.972 [click-streams-app-f2917a81-df84-4798-9a57-03e6ee410292-StreamThread-1] INFO org.apache.kafka.clients.consumer.internals.ConsumerCoordinator -- [Consumer clientId=click-streams-app-f2917a81-df84-4798-9a57-03e6ee410292-StreamThread-1-consumer, groupId=click-streams-app] Updating assignment with
	Assigned partitions:                       [clicks-0]
	Current owned partitions:                  []
	Added partitions (assigned - owned):       [clicks-0]
	Revoked partitions (owned - assigned):     []

12:17:35.972 [click-streams-app-f2917a81-df84-4798-9a57-03e6ee410292-StreamThread-1] INFO org.apache.kafka.clients.consumer.internals.ConsumerCoordinator -- [Consumer clientId=click-streams-app-f2917a81-df84-4798-9a57-03e6ee410292-StreamThread-1-consumer, groupId=click-streams-app] Notifying assignor about the new Assignment(partitions=[clicks-0], userDataSize=52)
12:17:35.973 [click-streams-app-f2917a81-df84-4798-9a57-03e6ee410292-StreamThread-1] INFO org.apache.kafka.streams.processor.internals.StreamsPartitionAssignor -- stream-thread [click-streams-app-f2917a81-df84-4798-9a57-03e6ee410292-StreamThread-1-consumer] No followup rebalance was requested, resetting the rebalance schedule.
12:17:35.977 [click-streams-app-f2917a81-df84-4798-9a57-03e6ee410292-StreamThread-1] INFO org.apache.kafka.streams.processor.internals.TaskManager -- stream-thread [click-streams-app-f2917a81-df84-4798-9a57-03e6ee410292-StreamThread-1] Handle new assignment with:
	New active tasks: [0_0]
	New standby tasks: []
	Existing active tasks: []
	Existing standby tasks: []
12:17:36.003 [click-streams-app-f2917a81-df84-4798-9a57-03e6ee410292-StreamThread-1] INFO org.apache.kafka.clients.consumer.internals.ConsumerRebalanceListenerInvoker -- [Consumer clientId=click-streams-app-f2917a81-df84-4798-9a57-03e6ee410292-StreamThread-1-consumer, groupId=click-streams-app] Adding newly assigned partitions: clicks-0
12:17:36.003 [click-streams-app-f2917a81-df84-4798-9a57-03e6ee410292-StreamThread-1] INFO org.apache.kafka.streams.processor.internals.StreamThread -- stream-thread [click-streams-app-f2917a81-df84-4798-9a57-03e6ee410292-StreamThread-1] State transition from STARTING to PARTITIONS_ASSIGNED
12:17:36.016 [click-streams-app-f2917a81-df84-4798-9a57-03e6ee410292-StreamThread-1] INFO org.apache.kafka.clients.consumer.internals.ConsumerCoordinator -- [Consumer clientId=click-streams-app-f2917a81-df84-4798-9a57-03e6ee410292-StreamThread-1-consumer, groupId=click-streams-app] Found no committed offset for partition clicks-0
12:17:36.035 [click-streams-app-f2917a81-df84-4798-9a57-03e6ee410292-StreamThread-1] INFO org.apache.kafka.clients.consumer.internals.SubscriptionState -- [Consumer clientId=click-streams-app-f2917a81-df84-4798-9a57-03e6ee410292-StreamThread-1-consumer, groupId=click-streams-app] Resetting offset for partition clicks-0 to position FetchPosition{offset=0, offsetEpoch=Optional.empty, currentLeader=LeaderAndEpoch{leader=Optional[localhost:9092 (id: 1 rack: null)], epoch=0}}.
12:17:36.302 [click-streams-app-f2917a81-df84-4798-9a57-03e6ee410292-StreamThread-1] INFO org.apache.kafka.streams.state.internals.RocksDBTimestampedStore -- Opening store KSTREAM-AGGREGATE-STATE-STORE-0000000001 in regular mode
12:17:36.317 [click-streams-app-f2917a81-df84-4798-9a57-03e6ee410292-StreamThread-1] INFO org.apache.kafka.streams.processor.internals.ProcessorStateManager -- stream-thread [click-streams-app-f2917a81-df84-4798-9a57-03e6ee410292-StreamThread-1] stream-task [0_0] State store KSTREAM-AGGREGATE-STATE-STORE-0000000001 did not find checkpoint offset, hence would default to the starting offset at changelog click-streams-app-KSTREAM-AGGREGATE-STATE-STORE-0000000001-changelog-0
12:17:36.317 [click-streams-app-f2917a81-df84-4798-9a57-03e6ee410292-StreamThread-1] WARN org.apache.kafka.streams.processor.internals.ProcessorStateManager -- stream-thread [click-streams-app-f2917a81-df84-4798-9a57-03e6ee410292-StreamThread-1] stream-task [0_0] Some loaded checkpoint offsets cannot find their corresponding state stores: {click-streams-app-KSTREAM-AGGREGATE-STATE-STORE-0000000002-changelog-0=-4}
12:17:36.318 [click-streams-app-f2917a81-df84-4798-9a57-03e6ee410292-StreamThread-1] INFO org.apache.kafka.streams.processor.internals.StreamTask -- stream-thread [click-streams-app-f2917a81-df84-4798-9a57-03e6ee410292-StreamThread-1] task [0_0] Initialized
12:17:36.320 [click-streams-app-f2917a81-df84-4798-9a57-03e6ee410292-StateUpdater-1] INFO org.apache.kafka.streams.processor.internals.DefaultStateUpdater -- state-updater [click-streams-app-f2917a81-df84-4798-9a57-03e6ee410292-StateUpdater-1] Stateful active task 0_0 was added to the state updater
12:17:36.337 [click-streams-app-f2917a81-df84-4798-9a57-03e6ee410292-StateUpdater-1] INFO org.apache.kafka.streams.processor.internals.StoreChangelogReader -- stream-thread [click-streams-app-f2917a81-df84-4798-9a57-03e6ee410292-StreamThread-1] End offset for changelog click-streams-app-KSTREAM-AGGREGATE-STATE-STORE-0000000001-changelog-0 initialized as 0.
12:17:36.338 [click-streams-app-f2917a81-df84-4798-9a57-03e6ee410292-StateUpdater-1] INFO org.apache.kafka.clients.consumer.internals.ClassicKafkaConsumer -- [Consumer clientId=click-streams-app-f2917a81-df84-4798-9a57-03e6ee410292-StreamThread-1-restore-consumer, groupId=null] Assigned to partition(s): click-streams-app-KSTREAM-AGGREGATE-STATE-STORE-0000000001-changelog-0
12:17:36.339 [click-streams-app-f2917a81-df84-4798-9a57-03e6ee410292-StateUpdater-1] INFO org.apache.kafka.clients.consumer.internals.SubscriptionState -- [Consumer clientId=click-streams-app-f2917a81-df84-4798-9a57-03e6ee410292-StreamThread-1-restore-consumer, groupId=null] Seeking to earliest offset of partition click-streams-app-KSTREAM-AGGREGATE-STATE-STORE-0000000001-changelog-0
12:17:36.348 [click-streams-app-f2917a81-df84-4798-9a57-03e6ee410292-StateUpdater-1] INFO org.apache.kafka.clients.Metadata -- [Consumer clientId=click-streams-app-f2917a81-df84-4798-9a57-03e6ee410292-StreamThread-1-restore-consumer, groupId=null] Cluster ID: 5L6g3nShT-eMCtK--X86sw
12:17:36.355 [click-streams-app-f2917a81-df84-4798-9a57-03e6ee410292-StateUpdater-1] INFO org.apache.kafka.clients.consumer.internals.SubscriptionState -- [Consumer clientId=click-streams-app-f2917a81-df84-4798-9a57-03e6ee410292-StreamThread-1-restore-consumer, groupId=null] Resetting offset for partition click-streams-app-KSTREAM-AGGREGATE-STATE-STORE-0000000001-changelog-0 to position FetchPosition{offset=0, offsetEpoch=Optional.empty, currentLeader=LeaderAndEpoch{leader=Optional[localhost:9092 (id: 1 rack: null)], epoch=0}}.
12:17:36.463 [click-streams-app-f2917a81-df84-4798-9a57-03e6ee410292-StateUpdater-1] INFO org.apache.kafka.streams.processor.internals.StoreChangelogReader -- stream-thread [click-streams-app-f2917a81-df84-4798-9a57-03e6ee410292-StreamThread-1] Finished restoring changelog click-streams-app-KSTREAM-AGGREGATE-STATE-STORE-0000000001-changelog-0 to store KSTREAM-AGGREGATE-STATE-STORE-0000000001 with a total number of 0 records
12:17:36.486 [click-streams-app-f2917a81-df84-4798-9a57-03e6ee410292-StateUpdater-1] INFO org.apache.kafka.clients.consumer.internals.ClassicKafkaConsumer -- [Consumer clientId=click-streams-app-f2917a81-df84-4798-9a57-03e6ee410292-StreamThread-1-restore-consumer, groupId=null] Unsubscribed all topics or patterns and assigned partitions
12:17:36.487 [click-streams-app-f2917a81-df84-4798-9a57-03e6ee410292-StateUpdater-1] INFO org.apache.kafka.streams.processor.internals.DefaultStateUpdater -- state-updater [click-streams-app-f2917a81-df84-4798-9a57-03e6ee410292-StateUpdater-1] Stateful active task 0_0 completed restoration
12:17:36.548 [click-streams-app-f2917a81-df84-4798-9a57-03e6ee410292-StreamThread-1] INFO org.apache.kafka.clients.consumer.internals.ConsumerCoordinator -- [Consumer clientId=click-streams-app-f2917a81-df84-4798-9a57-03e6ee410292-StreamThread-1-consumer, groupId=click-streams-app] Found no committed offset for partition clicks-0
12:17:36.561 [click-streams-app-f2917a81-df84-4798-9a57-03e6ee410292-StreamThread-1] INFO org.apache.kafka.streams.processor.internals.StreamTask -- stream-thread [click-streams-app-f2917a81-df84-4798-9a57-03e6ee410292-StreamThread-1] task [0_0] Restored and ready to run
12:17:36.561 [click-streams-app-f2917a81-df84-4798-9a57-03e6ee410292-StreamThread-1] INFO org.apache.kafka.streams.processor.internals.StreamThread -- stream-thread [click-streams-app-f2917a81-df84-4798-9a57-03e6ee410292-StreamThread-1] State transition from PARTITIONS_ASSIGNED to RUNNING
12:17:36.564 [click-streams-app-f2917a81-df84-4798-9a57-03e6ee410292-StreamThread-1] INFO org.apache.kafka.streams.KafkaStreams -- stream-client [click-streams-app-f2917a81-df84-4798-9a57-03e6ee410292] State transition from REBALANCING to RUNNING
12:17:36.666 [click-streams-app-f2917a81-df84-4798-9a57-03e6ee410292-StreamThread-1] INFO org.apache.kafka.clients.consumer.internals.ClassicKafkaConsumer -- [Consumer clientId=click-streams-app-f2917a81-df84-4798-9a57-03e6ee410292-StreamThread-1-consumer, groupId=click-streams-app] Requesting the log end offset for clicks-0 in order to compute lag
12:19:34.906 [click-streams-app-f2917a81-df84-4798-9a57-03e6ee410292-StreamThread-1] INFO org.apache.kafka.streams.processor.internals.StreamThread -- stream-thread [click-streams-app-f2917a81-df84-4798-9a57-03e6ee410292-StreamThread-1] Processed 0 total records, ran 0 punctuators, polled 1098 times and committed 0 total tasks since the last update 120082ms ago
12:21:35.003 [click-streams-app-f2917a81-df84-4798-9a57-03e6ee410292-StreamThread-1] INFO org.apache.kafka.streams.processor.internals.StreamThread -- stream-thread [click-streams-app-f2917a81-df84-4798-9a57-03e6ee410292-StreamThread-1] Processed 0 total records, ran 0 punctuators, polled 1101 times and committed 0 total tasks since the last update 120097ms ago
12:23:35.043 [click-streams-app-f2917a81-df84-4798-9a57-03e6ee410292-StreamThread-1] INFO org.apache.kafka.streams.processor.internals.StreamThread -- stream-thread [click-streams-app-f2917a81-df84-4798-9a57-03e6ee410292-StreamThread-1] Processed 0 total records, ran 0 punctuators, polled 1100 times and committed 0 total tasks since the last update 120040ms ago
12:25:35.101 [click-streams-app-f2917a81-df84-4798-9a57-03e6ee410292-StreamThread-1] INFO org.apache.kafka.streams.processor.internals.StreamThread -- stream-thread [click-streams-app-f2917a81-df84-4798-9a57-03e6ee410292-StreamThread-1] Processed 0 total records, ran 0 punctuators, polled 1103 times and committed 0 total tasks since the last update 120058ms ago
12:27:35.183 [click-streams-app-f2917a81-df84-4798-9a57-03e6ee410292-StreamThread-1] INFO org.apache.kafka.streams.processor.internals.StreamThread -- stream-thread [click-streams-app-f2917a81-df84-4798-9a57-03e6ee410292-StreamThread-1] Processed 5 total records, ran 0 punctuators, polled 1104 times and committed 0 total tasks since the last update 120082ms ago
12:29:35.207 [click-streams-app-f2917a81-df84-4798-9a57-03e6ee410292-StreamThread-1] INFO org.apache.kafka.streams.processor.internals.StreamThread -- stream-thread [click-streams-app-f2917a81-df84-4798-9a57-03e6ee410292-StreamThread-1] Processed 0 total records, ran 0 punctuators, polled 1099 times and committed 1 total tasks since the last update 120024ms ago
